#! /opt/homebrew/Cellar/icarus-verilog/11.0/bin/vvp
:ivl_version "11.0 (stable)";
:ivl_delay_selection "TYPICAL";
:vpi_time_precision - 11;
:vpi_module "/opt/homebrew/Cellar/icarus-verilog/11.0/lib/ivl/system.vpi";
:vpi_module "/opt/homebrew/Cellar/icarus-verilog/11.0/lib/ivl/vhdl_sys.vpi";
:vpi_module "/opt/homebrew/Cellar/icarus-verilog/11.0/lib/ivl/vhdl_textio.vpi";
:vpi_module "/opt/homebrew/Cellar/icarus-verilog/11.0/lib/ivl/v2005_math.vpi";
:vpi_module "/opt/homebrew/Cellar/icarus-verilog/11.0/lib/ivl/va_math.vpi";
:vpi_module "/opt/homebrew/Cellar/icarus-verilog/11.0/lib/ivl/v2009.vpi";
S_0x134e0ea50 .scope package, "$unit" "$unit" 2 1;
 .timescale 0 0;
S_0x134e0ebc0 .scope module, "test" "test" 3 2;
 .timescale -9 -11;
v0x134e28890_0 .var "a", 0 0;
v0x134e28940_0 .var "b", 0 0;
v0x134e289d0_0 .net "c", 3 0, v0x134e28470_0;  1 drivers
v0x134e28a60_0 .net "can", 0 0, v0x134e28510_0;  1 drivers
v0x134e28b10_0 .var "clk", 0 0;
v0x134e28be0_0 .net "coin", 3 0, v0x134e28690_0;  1 drivers
v0x134e28c90_0 .var "rst", 0 0;
S_0x134e183c0 .scope module, "venmac" "venmac" 3 8, 4 1 0, S_0x134e0ebc0;
 .timescale -9 -11;
    .port_info 0 /INPUT 1 "a";
    .port_info 1 /INPUT 1 "b";
    .port_info 2 /OUTPUT 4 "c";
    .port_info 3 /OUTPUT 1 "can";
    .port_info 4 /OUTPUT 4 "coin";
    .port_info 5 /INPUT 1 "clk";
    .port_info 6 /INPUT 1 "rst";
v0x134e18530_0 .net "a", 0 0, v0x134e28890_0;  1 drivers
v0x134e283d0_0 .net "b", 0 0, v0x134e28940_0;  1 drivers
v0x134e28470_0 .var "c", 3 0;
v0x134e28510_0 .var "can", 0 0;
v0x134e285b0_0 .net "clk", 0 0, v0x134e28b10_0;  1 drivers
v0x134e28690_0 .var "coin", 3 0;
v0x134e28740_0 .net "rst", 0 0, v0x134e28c90_0;  1 drivers
E_0x134e0efc0 .event edge, v0x134e28470_0;
E_0x134e0f750 .event posedge, v0x134e285b0_0;
    .scope S_0x134e183c0;
T_0 ;
    %wait E_0x134e0f750;
    %load/vec4 v0x134e28740_0;
    %flag_set/vec4 8;
    %jmp/0xz  T_0.0, 8;
    %pushi/vec4 0, 0, 4;
    %assign/vec4 v0x134e28470_0, 0;
    %jmp T_0.1;
T_0.0 ;
    ; show_stmt_assign_vector: Get l-value for compressed += operand
    %load/vec4 v0x134e28470_0;
    %load/vec4 v0x134e18530_0;
    %pad/u 4;
    %add;
    %store/vec4 v0x134e28470_0, 0, 4;
    ; show_stmt_assign_vector: Get l-value for compressed += operand
    %load/vec4 v0x134e28470_0;
    %load/vec4 v0x134e283d0_0;
    %pad/u 4;
    %muli 5, 0, 4;
    %add;
    %store/vec4 v0x134e28470_0, 0, 4;
T_0.1 ;
    %jmp T_0;
    .thread T_0;
    .scope S_0x134e183c0;
T_1 ;
Ewait_0 .event/or E_0x134e0efc0, E_0x0;
    %wait Ewait_0;
    %load/vec4 v0x134e28470_0;
    %pad/u 32;
    %cmpi/u 5, 0, 32;
    %jmp/0xz  T_1.0, 5;
    %pushi/vec4 0, 0, 4;
    %store/vec4 v0x134e28690_0, 0, 4;
    %pushi/vec4 0, 0, 1;
    %store/vec4 v0x134e28510_0, 0, 1;
    %jmp T_1.1;
T_1.0 ;
    %load/vec4 v0x134e28470_0;
    %subi 5, 0, 4;
    %store/vec4 v0x134e28690_0, 0, 4;
    %pushi/vec4 1, 0, 1;
    %store/vec4 v0x134e28510_0, 0, 1;
T_1.1 ;
    %jmp T_1;
    .thread T_1, $push;
    .scope S_0x134e0ebc0;
T_2 ;
    %delay 500, 0;
    %load/vec4 v0x134e28b10_0;
    %inv;
    %store/vec4 v0x134e28b10_0, 0, 1;
    %jmp T_2;
    .thread T_2;
    .scope S_0x134e0ebc0;
T_3 ;
    %vpi_call/w 3 10 "$dumpfile", "state.vcd" {0 0 0};
    %vpi_call/w 3 11 "$dumpvars", 32'sb00000000000000000000000000000000, S_0x134e0ebc0 {0 0 0};
    %pushi/vec4 0, 0, 1;
    %store/vec4 v0x134e28b10_0, 0, 1;
    %pushi/vec4 1, 0, 1;
    %store/vec4 v0x134e28c90_0, 0, 1;
    %pushi/vec4 0, 0, 1;
    %store/vec4 v0x134e28890_0, 0, 1;
    %pushi/vec4 0, 0, 1;
    %store/vec4 v0x134e28940_0, 0, 1;
    %delay 2000, 0;
    %pushi/vec4 0, 0, 1;
    %store/vec4 v0x134e28c90_0, 0, 1;
    %delay 1000, 0;
    %pushi/vec4 1, 0, 1;
    %store/vec4 v0x134e28890_0, 0, 1;
    %pushi/vec4 0, 0, 1;
    %store/vec4 v0x134e28940_0, 0, 1;
    %delay 1000, 0;
    %pushi/vec4 0, 0, 1;
    %store/vec4 v0x134e28890_0, 0, 1;
    %pushi/vec4 0, 0, 1;
    %store/vec4 v0x134e28940_0, 0, 1;
    %delay 1000, 0;
    %pushi/vec4 1, 0, 1;
    %store/vec4 v0x134e28890_0, 0, 1;
    %pushi/vec4 0, 0, 1;
    %store/vec4 v0x134e28940_0, 0, 1;
    %delay 1000, 0;
    %pushi/vec4 0, 0, 1;
    %store/vec4 v0x134e28890_0, 0, 1;
    %pushi/vec4 0, 0, 1;
    %store/vec4 v0x134e28940_0, 0, 1;
    %delay 1000, 0;
    %pushi/vec4 1, 0, 1;
    %store/vec4 v0x134e28890_0, 0, 1;
    %pushi/vec4 0, 0, 1;
    %store/vec4 v0x134e28940_0, 0, 1;
    %delay 1000, 0;
    %pushi/vec4 0, 0, 1;
    %store/vec4 v0x134e28890_0, 0, 1;
    %pushi/vec4 0, 0, 1;
    %store/vec4 v0x134e28940_0, 0, 1;
    %delay 1000, 0;
    %pushi/vec4 1, 0, 1;
    %store/vec4 v0x134e28890_0, 0, 1;
    %pushi/vec4 0, 0, 1;
    %store/vec4 v0x134e28940_0, 0, 1;
    %delay 1000, 0;
    %pushi/vec4 0, 0, 1;
    %store/vec4 v0x134e28890_0, 0, 1;
    %pushi/vec4 0, 0, 1;
    %store/vec4 v0x134e28940_0, 0, 1;
    %delay 1000, 0;
    %pushi/vec4 1, 0, 1;
    %store/vec4 v0x134e28890_0, 0, 1;
    %pushi/vec4 0, 0, 1;
    %store/vec4 v0x134e28940_0, 0, 1;
    %delay 1000, 0;
    %pushi/vec4 0, 0, 1;
    %store/vec4 v0x134e28890_0, 0, 1;
    %pushi/vec4 0, 0, 1;
    %store/vec4 v0x134e28940_0, 0, 1;
    %delay 4000, 0;
    %pushi/vec4 1, 0, 1;
    %store/vec4 v0x134e28c90_0, 0, 1;
    %delay 2000, 0;
    %pushi/vec4 0, 0, 1;
    %store/vec4 v0x134e28c90_0, 0, 1;
    %delay 1000, 0;
    %pushi/vec4 0, 0, 1;
    %store/vec4 v0x134e28890_0, 0, 1;
    %pushi/vec4 0, 0, 1;
    %store/vec4 v0x134e28940_0, 0, 1;
    %delay 1000, 0;
    %pushi/vec4 1, 0, 1;
    %store/vec4 v0x134e28890_0, 0, 1;
    %pushi/vec4 0, 0, 1;
    %store/vec4 v0x134e28940_0, 0, 1;
    %delay 1000, 0;
    %pushi/vec4 0, 0, 1;
    %store/vec4 v0x134e28890_0, 0, 1;
    %pushi/vec4 0, 0, 1;
    %store/vec4 v0x134e28940_0, 0, 1;
    %delay 1000, 0;
    %pushi/vec4 0, 0, 1;
    %store/vec4 v0x134e28890_0, 0, 1;
    %pushi/vec4 1, 0, 1;
    %store/vec4 v0x134e28940_0, 0, 1;
    %delay 1000, 0;
    %pushi/vec4 0, 0, 1;
    %store/vec4 v0x134e28890_0, 0, 1;
    %pushi/vec4 0, 0, 1;
    %store/vec4 v0x134e28940_0, 0, 1;
    %delay 4000, 0;
    %pushi/vec4 1, 0, 1;
    %store/vec4 v0x134e28c90_0, 0, 1;
    %delay 2000, 0;
    %pushi/vec4 0, 0, 1;
    %store/vec4 v0x134e28c90_0, 0, 1;
    %delay 1000, 0;
    %pushi/vec4 0, 0, 1;
    %store/vec4 v0x134e28890_0, 0, 1;
    %pushi/vec4 0, 0, 1;
    %store/vec4 v0x134e28940_0, 0, 1;
    %delay 1000, 0;
    %pushi/vec4 1, 0, 1;
    %store/vec4 v0x134e28890_0, 0, 1;
    %pushi/vec4 0, 0, 1;
    %store/vec4 v0x134e28940_0, 0, 1;
    %delay 1000, 0;
    %pushi/vec4 0, 0, 1;
    %store/vec4 v0x134e28890_0, 0, 1;
    %pushi/vec4 0, 0, 1;
    %store/vec4 v0x134e28940_0, 0, 1;
    %delay 1000, 0;
    %pushi/vec4 1, 0, 1;
    %store/vec4 v0x134e28890_0, 0, 1;
    %pushi/vec4 0, 0, 1;
    %store/vec4 v0x134e28940_0, 0, 1;
    %delay 1000, 0;
    %pushi/vec4 0, 0, 1;
    %store/vec4 v0x134e28890_0, 0, 1;
    %pushi/vec4 0, 0, 1;
    %store/vec4 v0x134e28940_0, 0, 1;
    %delay 1000, 0;
    %pushi/vec4 1, 0, 1;
    %store/vec4 v0x134e28890_0, 0, 1;
    %pushi/vec4 0, 0, 1;
    %store/vec4 v0x134e28940_0, 0, 1;
    %delay 1000, 0;
    %pushi/vec4 0, 0, 1;
    %store/vec4 v0x134e28890_0, 0, 1;
    %pushi/vec4 0, 0, 1;
    %store/vec4 v0x134e28940_0, 0, 1;
    %delay 1000, 0;
    %pushi/vec4 0, 0, 1;
    %store/vec4 v0x134e28890_0, 0, 1;
    %pushi/vec4 1, 0, 1;
    %store/vec4 v0x134e28940_0, 0, 1;
    %delay 1000, 0;
    %pushi/vec4 0, 0, 1;
    %store/vec4 v0x134e28890_0, 0, 1;
    %pushi/vec4 0, 0, 1;
    %store/vec4 v0x134e28940_0, 0, 1;
    %delay 5000, 0;
    %vpi_call/w 3 99 "$finish" {0 0 0};
    %end;
    .thread T_3;
# The file index is used to find the file name in the following table.
:file_names 5;
    "N/A";
    "<interactive>";
    "-";
    "test.sv";
    "venmac.sv";
