#! /opt/homebrew/Cellar/icarus-verilog/11.0/bin/vvp
:ivl_version "11.0 (stable)";
:ivl_delay_selection "TYPICAL";
:vpi_time_precision + 0;
:vpi_module "/opt/homebrew/Cellar/icarus-verilog/11.0/lib/ivl/system.vpi";
:vpi_module "/opt/homebrew/Cellar/icarus-verilog/11.0/lib/ivl/vhdl_sys.vpi";
:vpi_module "/opt/homebrew/Cellar/icarus-verilog/11.0/lib/ivl/vhdl_textio.vpi";
:vpi_module "/opt/homebrew/Cellar/icarus-verilog/11.0/lib/ivl/v2005_math.vpi";
:vpi_module "/opt/homebrew/Cellar/icarus-verilog/11.0/lib/ivl/va_math.vpi";
:vpi_module "/opt/homebrew/Cellar/icarus-verilog/11.0/lib/ivl/v2009.vpi";
S_0x11ef066b0 .scope package, "$unit" "$unit" 2 1;
 .timescale 0 0;
S_0x11ef06820 .scope module, "test" "test" 3 1;
 .timescale 0 0;
v0x11ef1c600_0 .var "clk", 0 0;
v0x11ef1c6a0_0 .var "in", 0 0;
v0x11ef1c750_0 .net "out", 0 0, v0x11ef1c3a0_0;  1 drivers
v0x11ef1c820_0 .var "rst", 0 0;
S_0x11ef0c160 .scope module, "chat" "chat" 3 5, 4 1 0, S_0x11ef06820;
 .timescale 0 0;
    .port_info 0 /INPUT 1 "in";
    .port_info 1 /INPUT 1 "clk";
    .port_info 2 /INPUT 1 "rst";
    .port_info 3 /OUTPUT 1 "out";
v0x11ef0c2d0_0 .net "clk", 0 0, v0x11ef1c600_0;  1 drivers
v0x11ef1c240_0 .var "count", 3 0;
v0x11ef1c2f0_0 .net "in", 0 0, v0x11ef1c6a0_0;  1 drivers
v0x11ef1c3a0_0 .var "out", 0 0;
v0x11ef1c440_0 .net "rst", 0 0, v0x11ef1c820_0;  1 drivers
v0x11ef1c520_0 .var "val", 0 0;
E_0x11ef06b10 .event edge, v0x11ef1c240_0, v0x11ef1c2f0_0;
E_0x11ef07380 .event negedge, v0x11ef0c2d0_0;
    .scope S_0x11ef0c160;
T_0 ;
    %wait E_0x11ef07380;
    %load/vec4 v0x11ef1c440_0;
    %flag_set/vec4 8;
    %jmp/0xz  T_0.0, 8;
    %pushi/vec4 0, 0, 1;
    %assign/vec4 v0x11ef1c520_0, 0;
    %jmp T_0.1;
T_0.0 ;
    %load/vec4 v0x11ef1c2f0_0;
    %nor/r;
    %flag_set/vec4 8;
    %jmp/0xz  T_0.2, 8;
    %pushi/vec4 1, 0, 1;
    %assign/vec4 v0x11ef1c520_0, 0;
    %jmp T_0.3;
T_0.2 ;
    %load/vec4 v0x11ef1c520_0;
    %assign/vec4 v0x11ef1c520_0, 0;
T_0.3 ;
T_0.1 ;
    %jmp T_0;
    .thread T_0;
    .scope S_0x11ef0c160;
T_1 ;
    %wait E_0x11ef07380;
    %load/vec4 v0x11ef1c440_0;
    %flag_set/vec4 8;
    %jmp/0xz  T_1.0, 8;
    %pushi/vec4 15, 0, 4;
    %assign/vec4 v0x11ef1c240_0, 0;
    %jmp T_1.1;
T_1.0 ;
    %load/vec4 v0x11ef1c520_0;
    %flag_set/vec4 8;
    %jmp/0xz  T_1.2, 8;
    %load/vec4 v0x11ef1c240_0;
    %pad/u 32;
    %cmpi/ne 0, 0, 32;
    %jmp/0xz  T_1.4, 4;
    %load/vec4 v0x11ef1c240_0;
    %subi 1, 0, 4;
    %assign/vec4 v0x11ef1c240_0, 0;
    %jmp T_1.5;
T_1.4 ;
    %load/vec4 v0x11ef1c240_0;
    %assign/vec4 v0x11ef1c240_0, 0;
T_1.5 ;
T_1.2 ;
T_1.1 ;
    %jmp T_1;
    .thread T_1;
    .scope S_0x11ef0c160;
T_2 ;
Ewait_0 .event/or E_0x11ef06b10, E_0x0;
    %wait Ewait_0;
    %load/vec4 v0x11ef1c240_0;
    %pad/u 32;
    %cmpi/e 0, 0, 32;
    %flag_mov 8, 4;
    %load/vec4 v0x11ef1c240_0;
    %cmpi/e 15, 0, 4;
    %flag_or 4, 8;
    %jmp/0xz  T_2.0, 4;
    %load/vec4 v0x11ef1c2f0_0;
    %store/vec4 v0x11ef1c3a0_0, 0, 1;
    %jmp T_2.1;
T_2.0 ;
    %pushi/vec4 0, 0, 1;
    %store/vec4 v0x11ef1c3a0_0, 0, 1;
T_2.1 ;
    %jmp T_2;
    .thread T_2, $push;
    .scope S_0x11ef06820;
T_3 ;
    %delay 5, 0;
    %load/vec4 v0x11ef1c600_0;
    %inv;
    %store/vec4 v0x11ef1c600_0, 0, 1;
    %jmp T_3;
    .thread T_3;
    .scope S_0x11ef06820;
T_4 ;
    %vpi_call/w 3 7 "$dumpfile", "chat.vcd" {0 0 0};
    %vpi_call/w 3 8 "$dumpvars", 32'sb00000000000000000000000000000000, S_0x11ef06820 {0 0 0};
    %pushi/vec4 1, 0, 1;
    %store/vec4 v0x11ef1c6a0_0, 0, 1;
    %pushi/vec4 0, 0, 1;
    %store/vec4 v0x11ef1c600_0, 0, 1;
    %pushi/vec4 1, 0, 1;
    %store/vec4 v0x11ef1c820_0, 0, 1;
    %delay 10, 0;
    %pushi/vec4 0, 0, 1;
    %store/vec4 v0x11ef1c820_0, 0, 1;
    %pushi/vec4 1, 0, 1;
    %store/vec4 v0x11ef1c6a0_0, 0, 1;
    %delay 10, 0;
    %pushi/vec4 0, 0, 1;
    %store/vec4 v0x11ef1c6a0_0, 0, 1;
    %delay 10, 0;
    %pushi/vec4 1, 0, 1;
    %store/vec4 v0x11ef1c6a0_0, 0, 1;
    %delay 10, 0;
    %pushi/vec4 0, 0, 1;
    %store/vec4 v0x11ef1c6a0_0, 0, 1;
    %delay 10, 0;
    %pushi/vec4 1, 0, 1;
    %store/vec4 v0x11ef1c6a0_0, 0, 1;
    %delay 10, 0;
    %pushi/vec4 1, 0, 1;
    %store/vec4 v0x11ef1c6a0_0, 0, 1;
    %delay 10, 0;
    %pushi/vec4 1, 0, 1;
    %store/vec4 v0x11ef1c6a0_0, 0, 1;
    %delay 10, 0;
    %pushi/vec4 0, 0, 1;
    %store/vec4 v0x11ef1c6a0_0, 0, 1;
    %delay 10, 0;
    %pushi/vec4 1, 0, 1;
    %store/vec4 v0x11ef1c6a0_0, 0, 1;
    %delay 10, 0;
    %pushi/vec4 1, 0, 1;
    %store/vec4 v0x11ef1c6a0_0, 0, 1;
    %delay 10, 0;
    %pushi/vec4 1, 0, 1;
    %store/vec4 v0x11ef1c6a0_0, 0, 1;
    %delay 10, 0;
    %pushi/vec4 0, 0, 1;
    %store/vec4 v0x11ef1c6a0_0, 0, 1;
    %delay 10, 0;
    %pushi/vec4 1, 0, 1;
    %store/vec4 v0x11ef1c6a0_0, 0, 1;
    %delay 10, 0;
    %pushi/vec4 1, 0, 1;
    %store/vec4 v0x11ef1c6a0_0, 0, 1;
    %delay 10, 0;
    %pushi/vec4 1, 0, 1;
    %store/vec4 v0x11ef1c6a0_0, 0, 1;
    %delay 10, 0;
    %pushi/vec4 0, 0, 1;
    %store/vec4 v0x11ef1c6a0_0, 0, 1;
    %delay 10, 0;
    %pushi/vec4 0, 0, 1;
    %store/vec4 v0x11ef1c6a0_0, 0, 1;
    %delay 10, 0;
    %pushi/vec4 0, 0, 1;
    %store/vec4 v0x11ef1c6a0_0, 0, 1;
    %delay 10, 0;
    %pushi/vec4 0, 0, 1;
    %store/vec4 v0x11ef1c6a0_0, 0, 1;
    %delay 10, 0;
    %pushi/vec4 0, 0, 1;
    %store/vec4 v0x11ef1c6a0_0, 0, 1;
    %delay 10, 0;
    %pushi/vec4 0, 0, 1;
    %store/vec4 v0x11ef1c6a0_0, 0, 1;
    %delay 10, 0;
    %pushi/vec4 0, 0, 1;
    %store/vec4 v0x11ef1c6a0_0, 0, 1;
    %delay 10, 0;
    %pushi/vec4 1, 0, 1;
    %store/vec4 v0x11ef1c6a0_0, 0, 1;
    %pushi/vec4 1, 0, 1;
    %store/vec4 v0x11ef1c820_0, 0, 1;
    %delay 10, 0;
    %pushi/vec4 1, 0, 1;
    %store/vec4 v0x11ef1c6a0_0, 0, 1;
    %pushi/vec4 0, 0, 1;
    %store/vec4 v0x11ef1c820_0, 0, 1;
    %delay 10, 0;
    %pushi/vec4 1, 0, 1;
    %store/vec4 v0x11ef1c6a0_0, 0, 1;
    %delay 10, 0;
    %pushi/vec4 1, 0, 1;
    %store/vec4 v0x11ef1c6a0_0, 0, 1;
    %delay 10, 0;
    %pushi/vec4 0, 0, 1;
    %store/vec4 v0x11ef1c6a0_0, 0, 1;
    %delay 10, 0;
    %pushi/vec4 0, 0, 1;
    %store/vec4 v0x11ef1c6a0_0, 0, 1;
    %delay 10, 0;
    %pushi/vec4 1, 0, 1;
    %store/vec4 v0x11ef1c6a0_0, 0, 1;
    %delay 10, 0;
    %pushi/vec4 0, 0, 1;
    %store/vec4 v0x11ef1c6a0_0, 0, 1;
    %delay 10, 0;
    %pushi/vec4 0, 0, 1;
    %store/vec4 v0x11ef1c6a0_0, 0, 1;
    %vpi_call/w 3 77 "$finish" {0 0 0};
    %end;
    .thread T_4;
# The file index is used to find the file name in the following table.
:file_names 5;
    "N/A";
    "<interactive>";
    "-";
    "test.sv";
    "chat.sv";
