#! /opt/homebrew/Cellar/icarus-verilog/11.0/bin/vvp
:ivl_version "11.0 (stable)";
:ivl_delay_selection "TYPICAL";
:vpi_time_precision - 11;
:vpi_module "/opt/homebrew/Cellar/icarus-verilog/11.0/lib/ivl/system.vpi";
:vpi_module "/opt/homebrew/Cellar/icarus-verilog/11.0/lib/ivl/vhdl_sys.vpi";
:vpi_module "/opt/homebrew/Cellar/icarus-verilog/11.0/lib/ivl/vhdl_textio.vpi";
:vpi_module "/opt/homebrew/Cellar/icarus-verilog/11.0/lib/ivl/v2005_math.vpi";
:vpi_module "/opt/homebrew/Cellar/icarus-verilog/11.0/lib/ivl/va_math.vpi";
:vpi_module "/opt/homebrew/Cellar/icarus-verilog/11.0/lib/ivl/v2009.vpi";
S_0x138712bc0 .scope package, "$unit" "$unit" 2 1;
 .timescale 0 0;
S_0x138712d30 .scope module, "test" "test" 3 2;
 .timescale -9 -11;
v0x138723270_0 .var "a", 0 0;
v0x138723320_0 .var "b", 0 0;
v0x1387233b0_0 .net "can", 0 0, v0x138722da0_0;  1 drivers
v0x138723460_0 .var "clk", 0 0;
v0x138723510_0 .net "coin", 3 0, v0x138722ef0_0;  1 drivers
v0x1387235e0_0 .var "rst", 0 0;
S_0x138712ea0 .scope module, "venmac" "venmac" 3 8, 4 1 0, S_0x138712d30;
 .timescale -9 -11;
    .port_info 0 /INPUT 1 "a";
    .port_info 1 /INPUT 1 "b";
    .port_info 2 /OUTPUT 1 "can";
    .port_info 3 /OUTPUT 4 "coin";
    .port_info 4 /INPUT 1 "clk";
    .port_info 5 /INPUT 1 "rst";
v0x13870baf0_0 .net "a", 0 0, v0x138723270_0;  1 drivers
v0x138722d00_0 .net "b", 0 0, v0x138723320_0;  1 drivers
v0x138722da0_0 .var "can", 0 0;
v0x138722e50_0 .net "clk", 0 0, v0x138723460_0;  1 drivers
v0x138722ef0_0 .var "coin", 3 0;
v0x138722fe0_0 .var "nstate", 3 0;
v0x138723090_0 .net "rst", 0 0, v0x1387235e0_0;  1 drivers
v0x138723130_0 .var "state", 3 0;
E_0x13870c4f0 .event edge, v0x138723130_0, v0x13870baf0_0, v0x138722d00_0;
E_0x13870bef0 .event posedge, v0x138722e50_0;
    .scope S_0x138712ea0;
T_0 ;
    %wait E_0x13870bef0;
    %load/vec4 v0x138723090_0;
    %flag_set/vec4 8;
    %jmp/0xz  T_0.0, 8;
    %pushi/vec4 0, 0, 4;
    %assign/vec4 v0x138723130_0, 0;
    %jmp T_0.1;
T_0.0 ;
    %load/vec4 v0x138722fe0_0;
    %assign/vec4 v0x138723130_0, 0;
T_0.1 ;
    %jmp T_0;
    .thread T_0;
    .scope S_0x138712ea0;
T_1 ;
Ewait_0 .event/or E_0x13870c4f0, E_0x0;
    %wait Ewait_0;
    %load/vec4 v0x138723130_0;
    %store/vec4 v0x138722fe0_0, 0, 4;
    %pushi/vec4 0, 0, 1;
    %store/vec4 v0x138722da0_0, 0, 1;
    %pushi/vec4 0, 0, 4;
    %store/vec4 v0x138722ef0_0, 0, 4;
    %load/vec4 v0x13870baf0_0;
    %load/vec4 v0x138722d00_0;
    %concat/vec4; draw_concat_vec4
    %dup/vec4;
    %pushi/vec4 0, 0, 2;
    %cmp/u;
    %jmp/1 T_1.0, 6;
    %dup/vec4;
    %pushi/vec4 2, 0, 2;
    %cmp/u;
    %jmp/1 T_1.1, 6;
    %dup/vec4;
    %pushi/vec4 1, 0, 2;
    %cmp/u;
    %jmp/1 T_1.2, 6;
    %jmp T_1.3;
T_1.0 ;
    %jmp T_1.3;
T_1.1 ;
    %load/vec4 v0x138723130_0;
    %dup/vec4;
    %pushi/vec4 0, 0, 4;
    %cmp/u;
    %jmp/1 T_1.4, 6;
    %dup/vec4;
    %pushi/vec4 1, 0, 4;
    %cmp/u;
    %jmp/1 T_1.5, 6;
    %dup/vec4;
    %pushi/vec4 2, 0, 4;
    %cmp/u;
    %jmp/1 T_1.6, 6;
    %dup/vec4;
    %pushi/vec4 3, 0, 4;
    %cmp/u;
    %jmp/1 T_1.7, 6;
    %dup/vec4;
    %pushi/vec4 4, 0, 4;
    %cmp/u;
    %jmp/1 T_1.8, 6;
    %dup/vec4;
    %pushi/vec4 5, 0, 4;
    %cmp/u;
    %jmp/1 T_1.9, 6;
    %jmp T_1.10;
T_1.4 ;
    %pushi/vec4 1, 0, 4;
    %store/vec4 v0x138722fe0_0, 0, 4;
    %pushi/vec4 0, 0, 4;
    %store/vec4 v0x138722ef0_0, 0, 4;
    %jmp T_1.10;
T_1.5 ;
    %pushi/vec4 2, 0, 4;
    %store/vec4 v0x138722fe0_0, 0, 4;
    %jmp T_1.10;
T_1.6 ;
    %pushi/vec4 3, 0, 4;
    %store/vec4 v0x138722fe0_0, 0, 4;
    %jmp T_1.10;
T_1.7 ;
    %pushi/vec4 4, 0, 4;
    %store/vec4 v0x138722fe0_0, 0, 4;
    %jmp T_1.10;
T_1.8 ;
    %pushi/vec4 5, 0, 4;
    %store/vec4 v0x138722fe0_0, 0, 4;
    %jmp T_1.10;
T_1.9 ;
    %pushi/vec4 1, 0, 1;
    %store/vec4 v0x138722da0_0, 0, 1;
    %jmp T_1.10;
T_1.10 ;
    %pop/vec4 1;
    %jmp T_1.3;
T_1.2 ;
    %load/vec4 v0x138723130_0;
    %dup/vec4;
    %pushi/vec4 0, 0, 4;
    %cmp/u;
    %jmp/1 T_1.11, 6;
    %dup/vec4;
    %pushi/vec4 1, 0, 4;
    %cmp/u;
    %jmp/1 T_1.12, 6;
    %dup/vec4;
    %pushi/vec4 2, 0, 4;
    %cmp/u;
    %jmp/1 T_1.13, 6;
    %dup/vec4;
    %pushi/vec4 3, 0, 4;
    %cmp/u;
    %jmp/1 T_1.14, 6;
    %dup/vec4;
    %pushi/vec4 4, 0, 4;
    %cmp/u;
    %jmp/1 T_1.15, 6;
    %jmp T_1.16;
T_1.11 ;
    %pushi/vec4 0, 0, 1;
    %store/vec4 v0x138722da0_0, 0, 1;
    %pushi/vec4 5, 0, 4;
    %store/vec4 v0x138722fe0_0, 0, 4;
    %pushi/vec4 0, 0, 4;
    %store/vec4 v0x138722ef0_0, 0, 4;
    %jmp T_1.16;
T_1.12 ;
    %pushi/vec4 1, 0, 1;
    %store/vec4 v0x138722da0_0, 0, 1;
    %pushi/vec4 6, 0, 4;
    %store/vec4 v0x138722fe0_0, 0, 4;
    %pushi/vec4 1, 0, 4;
    %store/vec4 v0x138722ef0_0, 0, 4;
    %jmp T_1.16;
T_1.13 ;
    %pushi/vec4 1, 0, 1;
    %store/vec4 v0x138722da0_0, 0, 1;
    %pushi/vec4 7, 0, 4;
    %store/vec4 v0x138722fe0_0, 0, 4;
    %pushi/vec4 2, 0, 4;
    %store/vec4 v0x138722ef0_0, 0, 4;
    %jmp T_1.16;
T_1.14 ;
    %pushi/vec4 1, 0, 1;
    %store/vec4 v0x138722da0_0, 0, 1;
    %pushi/vec4 8, 0, 4;
    %store/vec4 v0x138722fe0_0, 0, 4;
    %pushi/vec4 3, 0, 4;
    %store/vec4 v0x138722ef0_0, 0, 4;
    %jmp T_1.16;
T_1.15 ;
    %pushi/vec4 1, 0, 1;
    %store/vec4 v0x138722da0_0, 0, 1;
    %pushi/vec4 9, 0, 4;
    %store/vec4 v0x138722fe0_0, 0, 4;
    %pushi/vec4 4, 0, 4;
    %store/vec4 v0x138722ef0_0, 0, 4;
    %jmp T_1.16;
T_1.16 ;
    %pop/vec4 1;
    %jmp T_1.3;
T_1.3 ;
    %pop/vec4 1;
    %jmp T_1;
    .thread T_1, $push;
    .scope S_0x138712d30;
T_2 ;
    %delay 500, 0;
    %load/vec4 v0x138723460_0;
    %inv;
    %store/vec4 v0x138723460_0, 0, 1;
    %jmp T_2;
    .thread T_2;
    .scope S_0x138712d30;
T_3 ;
    %vpi_call/w 3 10 "$dumpfile", "state.vcd" {0 0 0};
    %vpi_call/w 3 11 "$dumpvars", 32'sb00000000000000000000000000000000, S_0x138712d30 {0 0 0};
    %pushi/vec4 0, 0, 1;
    %store/vec4 v0x138723460_0, 0, 1;
    %pushi/vec4 1, 0, 1;
    %store/vec4 v0x1387235e0_0, 0, 1;
    %pushi/vec4 0, 0, 1;
    %store/vec4 v0x138723270_0, 0, 1;
    %pushi/vec4 0, 0, 1;
    %store/vec4 v0x138723320_0, 0, 1;
    %delay 2000, 0;
    %pushi/vec4 0, 0, 1;
    %store/vec4 v0x1387235e0_0, 0, 1;
    %delay 1000, 0;
    %pushi/vec4 1, 0, 1;
    %store/vec4 v0x138723270_0, 0, 1;
    %pushi/vec4 0, 0, 1;
    %store/vec4 v0x138723320_0, 0, 1;
    %delay 1000, 0;
    %pushi/vec4 0, 0, 1;
    %store/vec4 v0x138723270_0, 0, 1;
    %pushi/vec4 0, 0, 1;
    %store/vec4 v0x138723320_0, 0, 1;
    %delay 1000, 0;
    %pushi/vec4 1, 0, 1;
    %store/vec4 v0x138723270_0, 0, 1;
    %pushi/vec4 0, 0, 1;
    %store/vec4 v0x138723320_0, 0, 1;
    %delay 1000, 0;
    %pushi/vec4 0, 0, 1;
    %store/vec4 v0x138723270_0, 0, 1;
    %pushi/vec4 0, 0, 1;
    %store/vec4 v0x138723320_0, 0, 1;
    %delay 1000, 0;
    %pushi/vec4 1, 0, 1;
    %store/vec4 v0x138723270_0, 0, 1;
    %pushi/vec4 0, 0, 1;
    %store/vec4 v0x138723320_0, 0, 1;
    %delay 1000, 0;
    %pushi/vec4 0, 0, 1;
    %store/vec4 v0x138723270_0, 0, 1;
    %pushi/vec4 0, 0, 1;
    %store/vec4 v0x138723320_0, 0, 1;
    %delay 1000, 0;
    %pushi/vec4 1, 0, 1;
    %store/vec4 v0x138723270_0, 0, 1;
    %pushi/vec4 0, 0, 1;
    %store/vec4 v0x138723320_0, 0, 1;
    %delay 1000, 0;
    %pushi/vec4 0, 0, 1;
    %store/vec4 v0x138723270_0, 0, 1;
    %pushi/vec4 0, 0, 1;
    %store/vec4 v0x138723320_0, 0, 1;
    %delay 1000, 0;
    %pushi/vec4 1, 0, 1;
    %store/vec4 v0x138723270_0, 0, 1;
    %pushi/vec4 0, 0, 1;
    %store/vec4 v0x138723320_0, 0, 1;
    %delay 1000, 0;
    %pushi/vec4 0, 0, 1;
    %store/vec4 v0x138723270_0, 0, 1;
    %pushi/vec4 0, 0, 1;
    %store/vec4 v0x138723320_0, 0, 1;
    %delay 4000, 0;
    %pushi/vec4 1, 0, 1;
    %store/vec4 v0x1387235e0_0, 0, 1;
    %delay 2000, 0;
    %pushi/vec4 0, 0, 1;
    %store/vec4 v0x1387235e0_0, 0, 1;
    %delay 1000, 0;
    %pushi/vec4 0, 0, 1;
    %store/vec4 v0x138723270_0, 0, 1;
    %pushi/vec4 0, 0, 1;
    %store/vec4 v0x138723320_0, 0, 1;
    %delay 1000, 0;
    %pushi/vec4 1, 0, 1;
    %store/vec4 v0x138723270_0, 0, 1;
    %pushi/vec4 0, 0, 1;
    %store/vec4 v0x138723320_0, 0, 1;
    %delay 1000, 0;
    %pushi/vec4 0, 0, 1;
    %store/vec4 v0x138723270_0, 0, 1;
    %pushi/vec4 0, 0, 1;
    %store/vec4 v0x138723320_0, 0, 1;
    %delay 1000, 0;
    %pushi/vec4 0, 0, 1;
    %store/vec4 v0x138723270_0, 0, 1;
    %pushi/vec4 1, 0, 1;
    %store/vec4 v0x138723320_0, 0, 1;
    %delay 1000, 0;
    %pushi/vec4 0, 0, 1;
    %store/vec4 v0x138723270_0, 0, 1;
    %pushi/vec4 0, 0, 1;
    %store/vec4 v0x138723320_0, 0, 1;
    %delay 4000, 0;
    %pushi/vec4 1, 0, 1;
    %store/vec4 v0x1387235e0_0, 0, 1;
    %delay 2000, 0;
    %pushi/vec4 0, 0, 1;
    %store/vec4 v0x1387235e0_0, 0, 1;
    %delay 1000, 0;
    %pushi/vec4 0, 0, 1;
    %store/vec4 v0x138723270_0, 0, 1;
    %pushi/vec4 0, 0, 1;
    %store/vec4 v0x138723320_0, 0, 1;
    %delay 1000, 0;
    %pushi/vec4 1, 0, 1;
    %store/vec4 v0x138723270_0, 0, 1;
    %pushi/vec4 0, 0, 1;
    %store/vec4 v0x138723320_0, 0, 1;
    %delay 1000, 0;
    %pushi/vec4 0, 0, 1;
    %store/vec4 v0x138723270_0, 0, 1;
    %pushi/vec4 0, 0, 1;
    %store/vec4 v0x138723320_0, 0, 1;
    %delay 1000, 0;
    %pushi/vec4 1, 0, 1;
    %store/vec4 v0x138723270_0, 0, 1;
    %pushi/vec4 0, 0, 1;
    %store/vec4 v0x138723320_0, 0, 1;
    %delay 1000, 0;
    %pushi/vec4 0, 0, 1;
    %store/vec4 v0x138723270_0, 0, 1;
    %pushi/vec4 0, 0, 1;
    %store/vec4 v0x138723320_0, 0, 1;
    %delay 1000, 0;
    %pushi/vec4 1, 0, 1;
    %store/vec4 v0x138723270_0, 0, 1;
    %pushi/vec4 0, 0, 1;
    %store/vec4 v0x138723320_0, 0, 1;
    %delay 1000, 0;
    %pushi/vec4 0, 0, 1;
    %store/vec4 v0x138723270_0, 0, 1;
    %pushi/vec4 0, 0, 1;
    %store/vec4 v0x138723320_0, 0, 1;
    %delay 1000, 0;
    %pushi/vec4 0, 0, 1;
    %store/vec4 v0x138723270_0, 0, 1;
    %pushi/vec4 1, 0, 1;
    %store/vec4 v0x138723320_0, 0, 1;
    %delay 1000, 0;
    %pushi/vec4 0, 0, 1;
    %store/vec4 v0x138723270_0, 0, 1;
    %pushi/vec4 0, 0, 1;
    %store/vec4 v0x138723320_0, 0, 1;
    %delay 5000, 0;
    %vpi_call/w 3 99 "$finish" {0 0 0};
    %end;
    .thread T_3;
# The file index is used to find the file name in the following table.
:file_names 5;
    "N/A";
    "<interactive>";
    "-";
    "test.sv";
    "venmac.sv";
