#! /opt/homebrew/Cellar/icarus-verilog/11.0/bin/vvp
:ivl_version "11.0 (stable)";
:ivl_delay_selection "TYPICAL";
:vpi_time_precision - 11;
:vpi_module "/opt/homebrew/Cellar/icarus-verilog/11.0/lib/ivl/system.vpi";
:vpi_module "/opt/homebrew/Cellar/icarus-verilog/11.0/lib/ivl/vhdl_sys.vpi";
:vpi_module "/opt/homebrew/Cellar/icarus-verilog/11.0/lib/ivl/vhdl_textio.vpi";
:vpi_module "/opt/homebrew/Cellar/icarus-verilog/11.0/lib/ivl/v2005_math.vpi";
:vpi_module "/opt/homebrew/Cellar/icarus-verilog/11.0/lib/ivl/va_math.vpi";
:vpi_module "/opt/homebrew/Cellar/icarus-verilog/11.0/lib/ivl/v2009.vpi";
S_0x133908bd0 .scope package, "$unit" "$unit" 2 1;
 .timescale 0 0;
S_0x133908d40 .scope module, "fifotest" "fifotest" 3 2;
 .timescale -9 -11;
v0x133921700_0 .var "clk", 0 0;
v0x1339217c0_0 .net "empty", 0 0, v0x133920ec0_0;  1 drivers
v0x133921850_0 .net "full", 0 0, v0x133920f60_0;  1 drivers
v0x133921900_0 .var "in", 7 0;
v0x1339219b0_0 .net "out", 7 0, v0x1339212e0_0;  1 drivers
v0x133921a80_0 .var "re", 0 0;
v0x133921b30_0 .var "rst", 0 0;
v0x133921be0_0 .var "we", 0 0;
S_0x133904a10 .scope module, "fifo" "fifo" 3 10, 4 1 0, S_0x133908d40;
 .timescale 0 0;
    .port_info 0 /INPUT 8 "in";
    .port_info 1 /INPUT 1 "we";
    .port_info 2 /OUTPUT 1 "full";
    .port_info 3 /OUTPUT 8 "out";
    .port_info 4 /INPUT 1 "re";
    .port_info 5 /OUTPUT 1 "empty";
    .port_info 6 /INPUT 1 "clk";
    .port_info 7 /INPUT 1 "rst";
v0x133904c40_0 .net "clk", 0 0, v0x133921700_0;  1 drivers
v0x133920ec0_0 .var "empty", 0 0;
v0x133920f60_0 .var "full", 0 0;
v0x133920ff0_0 .var "head", 2 0;
v0x1339210a0_0 .var "headi", 2 0;
v0x133921190_0 .net "in", 7 0, v0x133921900_0;  1 drivers
v0x133921240 .array "mem", 0 7, 7 0;
v0x1339212e0_0 .var "out", 7 0;
v0x133921390_0 .net "re", 0 0, v0x133921a80_0;  1 drivers
v0x1339214a0_0 .net "rst", 0 0, v0x133921b30_0;  1 drivers
v0x133921530_0 .var "tail", 2 0;
v0x1339215e0_0 .net "we", 0 0, v0x133921be0_0;  1 drivers
E_0x133909660 .event edge, v0x133920ff0_0, v0x133921530_0;
E_0x13390a060 .event posedge, v0x133904c40_0;
    .scope S_0x133904a10;
T_0 ;
    %wait E_0x13390a060;
    %load/vec4 v0x1339214a0_0;
    %flag_set/vec4 8;
    %jmp/0xz  T_0.0, 8;
    %pushi/vec4 0, 0, 3;
    %assign/vec4 v0x133920ff0_0, 0;
    %pushi/vec4 0, 0, 3;
    %assign/vec4 v0x133921530_0, 0;
    %pushi/vec4 0, 0, 8;
    %assign/vec4 v0x1339212e0_0, 0;
    %jmp T_0.1;
T_0.0 ;
    %load/vec4 v0x1339215e0_0;
    %load/vec4 v0x133920f60_0;
    %inv;
    %and;
    %flag_set/vec4 8;
    %jmp/0xz  T_0.2, 8;
    %load/vec4 v0x133920ff0_0;
    %addi 1, 0, 3;
    %assign/vec4 v0x133920ff0_0, 0;
    %load/vec4 v0x133921190_0;
    %load/vec4 v0x133920ff0_0;
    %pad/u 5;
    %ix/vec4 3;
    %ix/load 4, 0, 0; Constant delay
    %assign/vec4/a/d v0x133921240, 0, 4;
T_0.2 ;
    %load/vec4 v0x133921390_0;
    %load/vec4 v0x133920ec0_0;
    %inv;
    %and;
    %flag_set/vec4 8;
    %jmp/0xz  T_0.4, 8;
    %load/vec4 v0x133921530_0;
    %addi 1, 0, 3;
    %assign/vec4 v0x133921530_0, 0;
    %load/vec4 v0x133921530_0;
    %pad/u 5;
    %ix/vec4 4;
    %load/vec4a v0x133921240, 4;
    %assign/vec4 v0x1339212e0_0, 0;
T_0.4 ;
T_0.1 ;
    %jmp T_0;
    .thread T_0;
    .scope S_0x133904a10;
T_1 ;
Ewait_0 .event/or E_0x133909660, E_0x0;
    %wait Ewait_0;
    %load/vec4 v0x133920ff0_0;
    %addi 1, 0, 3;
    %store/vec4 v0x1339210a0_0, 0, 3;
    %load/vec4 v0x133920ff0_0;
    %load/vec4 v0x133921530_0;
    %cmp/e;
    %jmp/0xz  T_1.0, 4;
    %pushi/vec4 1, 0, 1;
    %store/vec4 v0x133920ec0_0, 0, 1;
    %jmp T_1.1;
T_1.0 ;
    %pushi/vec4 0, 0, 1;
    %store/vec4 v0x133920ec0_0, 0, 1;
T_1.1 ;
    %load/vec4 v0x1339210a0_0;
    %load/vec4 v0x133921530_0;
    %cmp/e;
    %jmp/0xz  T_1.2, 4;
    %pushi/vec4 1, 0, 1;
    %store/vec4 v0x133920f60_0, 0, 1;
    %jmp T_1.3;
T_1.2 ;
    %pushi/vec4 0, 0, 1;
    %store/vec4 v0x133920f60_0, 0, 1;
T_1.3 ;
    %jmp T_1;
    .thread T_1, $push;
    .scope S_0x133908d40;
T_2 ;
    %delay 500, 0;
    %load/vec4 v0x133921700_0;
    %inv;
    %store/vec4 v0x133921700_0, 0, 1;
    %jmp T_2;
    .thread T_2;
    .scope S_0x133908d40;
T_3 ;
    %vpi_call/w 3 13 "$dumpfile", "fifo.vcd" {0 0 0};
    %vpi_call/w 3 14 "$dumpvars", 32'sb00000000000000000000000000000000, S_0x133908d40 {0 0 0};
    %pushi/vec4 1, 0, 1;
    %store/vec4 v0x133921b30_0, 0, 1;
    %pushi/vec4 0, 0, 1;
    %store/vec4 v0x133921700_0, 0, 1;
    %pushi/vec4 0, 0, 1;
    %store/vec4 v0x133921be0_0, 0, 1;
    %pushi/vec4 0, 0, 1;
    %store/vec4 v0x133921a80_0, 0, 1;
    %pushi/vec4 5, 0, 8;
    %store/vec4 v0x133921900_0, 0, 8;
    %delay 3000, 0;
    %pushi/vec4 0, 0, 1;
    %store/vec4 v0x133921b30_0, 0, 1;
    %pushi/vec4 1, 0, 1;
    %store/vec4 v0x133921be0_0, 0, 1;
    %delay 1000, 0;
    %pushi/vec4 6, 0, 8;
    %store/vec4 v0x133921900_0, 0, 8;
    %delay 1000, 0;
    %pushi/vec4 7, 0, 8;
    %store/vec4 v0x133921900_0, 0, 8;
    %delay 1000, 0;
    %pushi/vec4 0, 0, 1;
    %store/vec4 v0x133921be0_0, 0, 1;
    %delay 1000, 0;
    %pushi/vec4 1, 0, 1;
    %store/vec4 v0x133921a80_0, 0, 1;
    %delay 1000, 0;
    %pushi/vec4 0, 0, 1;
    %store/vec4 v0x133921a80_0, 0, 1;
    %pushi/vec4 1, 0, 1;
    %store/vec4 v0x133921be0_0, 0, 1;
    %pushi/vec4 8, 0, 8;
    %store/vec4 v0x133921900_0, 0, 8;
    %delay 1000, 0;
    %pushi/vec4 9, 0, 8;
    %store/vec4 v0x133921900_0, 0, 8;
    %delay 1000, 0;
    %pushi/vec4 10, 0, 8;
    %store/vec4 v0x133921900_0, 0, 8;
    %delay 1000, 0;
    %pushi/vec4 11, 0, 8;
    %store/vec4 v0x133921900_0, 0, 8;
    %delay 1000, 0;
    %pushi/vec4 12, 0, 8;
    %store/vec4 v0x133921900_0, 0, 8;
    %delay 1000, 0;
    %pushi/vec4 13, 0, 8;
    %store/vec4 v0x133921900_0, 0, 8;
    %delay 1000, 0;
    %pushi/vec4 14, 0, 8;
    %store/vec4 v0x133921900_0, 0, 8;
    %delay 1000, 0;
    %pushi/vec4 15, 0, 8;
    %store/vec4 v0x133921900_0, 0, 8;
    %pushi/vec4 1, 0, 1;
    %store/vec4 v0x133921a80_0, 0, 1;
    %delay 1000, 0;
    %pushi/vec4 16, 0, 8;
    %store/vec4 v0x133921900_0, 0, 8;
    %delay 5000, 0;
    %vpi_call/w 3 53 "$finish" {0 0 0};
    %end;
    .thread T_3;
# The file index is used to find the file name in the following table.
:file_names 5;
    "N/A";
    "<interactive>";
    "-";
    "fifotest.sv";
    "fifo.sv";
