#! /opt/homebrew/Cellar/icarus-verilog/11.0/bin/vvp
:ivl_version "11.0 (stable)";
:ivl_delay_selection "TYPICAL";
:vpi_time_precision - 11;
:vpi_module "/opt/homebrew/Cellar/icarus-verilog/11.0/lib/ivl/system.vpi";
:vpi_module "/opt/homebrew/Cellar/icarus-verilog/11.0/lib/ivl/vhdl_sys.vpi";
:vpi_module "/opt/homebrew/Cellar/icarus-verilog/11.0/lib/ivl/vhdl_textio.vpi";
:vpi_module "/opt/homebrew/Cellar/icarus-verilog/11.0/lib/ivl/v2005_math.vpi";
:vpi_module "/opt/homebrew/Cellar/icarus-verilog/11.0/lib/ivl/va_math.vpi";
:vpi_module "/opt/homebrew/Cellar/icarus-verilog/11.0/lib/ivl/v2009.vpi";
S_0x159850ee0 .scope package, "$unit" "$unit" 2 1;
 .timescale 0 0;
S_0x159851b50 .scope module, "test" "test" 3 2;
 .timescale -9 -11;
v0x159882580_0 .var "clk", 0 0;
v0x159882610_0 .var "rst", 0 0;
v0x159882720_0 .net "wd", 15 0, v0x15987eae0_0;  1 drivers
v0x1598827b0_0 .net "we", 0 0, v0x15987db40_0;  1 drivers
S_0x15986f100 .scope module, "pu" "pu" 3 6, 4 2 0, S_0x159851b50;
 .timescale -9 -11;
    .port_info 0 /OUTPUT 1 "we";
    .port_info 1 /OUTPUT 16 "rwd";
    .port_info 2 /INPUT 1 "clk";
    .port_info 3 /INPUT 1 "rst";
L_0x1500880a0 .functor BUFT 1, C4<0000000000>, C4<0>, C4<0>, C4<0>;
v0x159880f00_0 .net/2u *"_ivl_0", 9 0, L_0x1500880a0;  1 drivers
v0x159880fc0_0 .net "a", 15 0, L_0x1598829c0;  1 drivers
v0x159881060_0 .net "ao", 15 0, v0x15987c210_0;  1 drivers
v0x159881130_0 .net "arad", 1 0, v0x15987d7c0_0;  1 drivers
v0x159881200_0 .net "b", 15 0, L_0x159882c30;  1 drivers
v0x1598812d0_0 .net "bo", 15 0, v0x15987f750_0;  1 drivers
v0x1598813a0_0 .net "brad", 1 0, v0x15987d850_0;  1 drivers
v0x159881470_0 .net "ca", 0 0, v0x15987b790_0;  1 drivers
v0x159881540_0 .net "clk", 0 0, v0x159882580_0;  1 drivers
v0x1598816d0_0 .net "dms", 0 0, v0x15987cff0_0;  1 drivers
v0x159881760_0 .net "dmwe", 0 0, v0x15987d080_0;  1 drivers
v0x1598817f0_0 .net "dstb", 0 0, v0x15987d110_0;  1 drivers
v0x1598818c0_0 .net "h", 0 0, v0x15987d2d0_0;  1 drivers
v0x159881990_0 .net "iv", 7 0, v0x15987d370_0;  1 drivers
v0x159881a60_0 .net "liop", 1 0, v0x15987d420_0;  1 drivers
v0x159881b30_0 .net "lp", 15 0, L_0x159882e00;  1 drivers
v0x159881c00_0 .net "mrd", 15 0, L_0x159883180;  1 drivers
v0x159881d90_0 .net "o", 15 0, v0x15987eee0_0;  1 drivers
v0x159881e20_0 .net "op", 2 0, v0x15987d5e0_0;  1 drivers
v0x159881eb0_0 .net "pca", 5 0, v0x15987fca0_0;  1 drivers
v0x159881f80_0 .net "pcs", 0 0, v0x15987d6a0_0;  1 drivers
v0x159882050_0 .net "pcwe", 0 0, v0x15987d730_0;  1 drivers
v0x159882120_0 .net "rst", 0 0, v0x159882610_0;  1 drivers
v0x1598821b0_0 .net "rwd", 15 0, v0x15987eae0_0;  alias, 1 drivers
v0x159882240_0 .net "sg", 0 0, v0x15987bc70_0;  1 drivers
v0x159882310_0 .net "wad", 1 0, v0x15987d9a0_0;  1 drivers
v0x1598823e0_0 .net "we", 0 0, v0x15987db40_0;  alias, 1 drivers
v0x1598824b0_0 .net "ze", 0 0, v0x15987bd00_0;  1 drivers
L_0x159882d20 .concat [ 6 10 0 0], v0x15987fca0_0, L_0x1500880a0;
L_0x159882ea0 .part v0x15987eae0_0, 0, 6;
L_0x159883230 .part L_0x159882e00, 0, 8;
S_0x1598401f0 .scope module, "alu" "alu" 4 14, 5 3 0, S_0x15986f100;
 .timescale -9 -11;
    .port_info 0 /INPUT 16 "a";
    .port_info 1 /INPUT 16 "b";
    .port_info 2 /INPUT 3 "op";
    .port_info 3 /OUTPUT 16 "rr";
    .port_info 4 /INPUT 1 "dstb";
    .port_info 5 /OUTPUT 1 "ze";
    .port_info 6 /OUTPUT 1 "ca";
    .port_info 7 /OUTPUT 1 "sg";
    .port_info 8 /INPUT 1 "clk";
    .port_info 9 /INPUT 1 "rst";
P_0x15983ef90 .param/l "ADD" 0 5 11, +C4<00000000000000000000000000000000>;
P_0x15983efd0 .param/l "ASL" 0 5 11, +C4<00000000000000000000000000000011>;
P_0x15983f010 .param/l "NAD" 0 5 11, +C4<00000000000000000000000000000110>;
P_0x15983f050 .param/l "RSL" 0 5 11, +C4<00000000000000000000000000000100>;
P_0x15983f090 .param/l "RSR" 0 5 11, +C4<00000000000000000000000000000101>;
P_0x15983f0d0 .param/l "SUB" 0 5 11, +C4<00000000000000000000000000000001>;
P_0x15983f110 .param/l "THB" 0 5 11, +C4<00000000000000000000000000000010>;
P_0x15983f150 .param/l "XOR" 0 5 11, +C4<00000000000000000000000000000111>;
v0x159812770_0 .net "a", 15 0, v0x15987c210_0;  alias, 1 drivers
v0x15987b6f0_0 .net "b", 15 0, v0x15987f750_0;  alias, 1 drivers
v0x15987b790_0 .var "ca", 0 0;
v0x15987b820_0 .net "clk", 0 0, v0x159882580_0;  alias, 1 drivers
v0x15987b8b0_0 .net "dstb", 0 0, v0x15987d110_0;  alias, 1 drivers
v0x15987b950_0 .net "op", 2 0, v0x15987d5e0_0;  alias, 1 drivers
v0x15987ba00_0 .var "r", 16 0;
v0x15987bab0_0 .net "rr", 15 0, L_0x159882e00;  alias, 1 drivers
v0x15987bb60_0 .net "rst", 0 0, v0x159882610_0;  alias, 1 drivers
v0x15987bc70_0 .var "sg", 0 0;
v0x15987bd00_0 .var "ze", 0 0;
E_0x15986f270 .event posedge, v0x15987bb60_0, v0x15987b820_0;
E_0x159851d70 .event edge, v0x15987b950_0, v0x159812770_0, v0x15987b6f0_0;
L_0x159882e00 .part v0x15987ba00_0, 0, 16;
S_0x15987be90 .scope module, "asel" "sel" 4 12, 6 2 0, S_0x15986f100;
 .timescale -9 -11;
    .port_info 0 /INPUT 16 "a";
    .port_info 1 /INPUT 16 "b";
    .port_info 2 /INPUT 1 "s";
    .port_info 3 /OUTPUT 16 "o";
v0x15987c0b0_0 .net "a", 15 0, L_0x1598829c0;  alias, 1 drivers
v0x15987c160_0 .net "b", 15 0, L_0x159882d20;  1 drivers
v0x15987c210_0 .var "o", 15 0;
v0x15987c2e0_0 .net "s", 0 0, v0x15987d6a0_0;  alias, 1 drivers
E_0x15987c060 .event edge, v0x15987c2e0_0, v0x15987c160_0, v0x15987c0b0_0;
S_0x15987c3d0 .scope module, "dec" "dec" 4 17, 7 5 0, S_0x15986f100;
 .timescale -9 -11;
    .port_info 0 /INPUT 16 "o";
    .port_info 1 /OUTPUT 1 "h";
    .port_info 2 /OUTPUT 1 "we";
    .port_info 3 /OUTPUT 2 "wad";
    .port_info 4 /OUTPUT 3 "op";
    .port_info 5 /OUTPUT 2 "rb";
    .port_info 6 /OUTPUT 2 "ra";
    .port_info 7 /OUTPUT 2 "liop";
    .port_info 8 /OUTPUT 8 "iv";
    .port_info 9 /OUTPUT 1 "pcwe";
    .port_info 10 /OUTPUT 1 "dmwe";
    .port_info 11 /OUTPUT 1 "dms";
    .port_info 12 /OUTPUT 1 "pcs";
    .port_info 13 /OUTPUT 1 "dstb";
    .port_info 14 /INPUT 1 "ze";
    .port_info 15 /INPUT 1 "ca";
    .port_info 16 /INPUT 1 "sg";
P_0x15a010000 .param/l "ADD" 0 7 43, +C4<00000000000000000000000000000000>;
P_0x15a010040 .param/l "ASL" 0 7 43, +C4<00000000000000000000000000000011>;
P_0x15a010080 .param/l "CA" 0 7 42, +C4<00000000000000000000000000000010>;
P_0x15a0100c0 .param/l "IMM" 0 7 41, +C4<00000000000000000000000000000001>;
P_0x15a010100 .param/l "LIH" 0 7 41, +C4<00000000000000000000000000000011>;
P_0x15a010140 .param/l "LIL" 0 7 41, +C4<00000000000000000000000000000010>;
P_0x15a010180 .param/l "NAD" 0 7 43, +C4<00000000000000000000000000000110>;
P_0x15a0101c0 .param/l "RSL" 0 7 43, +C4<00000000000000000000000000000100>;
P_0x15a010200 .param/l "RSR" 0 7 43, +C4<00000000000000000000000000000101>;
P_0x15a010240 .param/l "SG" 0 7 42, +C4<00000000000000000000000000000011>;
P_0x15a010280 .param/l "SUB" 0 7 43, +C4<00000000000000000000000000000001>;
P_0x15a0102c0 .param/l "THB" 0 7 43, +C4<00000000000000000000000000000010>;
P_0x15a010300 .param/l "THU" 0 7 41, +C4<00000000000000000000000000000000>;
P_0x15a010340 .param/l "UC" 0 7 42, +C4<00000000000000000000000000000000>;
P_0x15a010380 .param/l "XOR" 0 7 43, +C4<00000000000000000000000000000111>;
P_0x15a0103c0 .param/l "ZE" 0 7 42, +C4<00000000000000000000000000000001>;
v0x15987cf30_0 .net "ca", 0 0, v0x15987b790_0;  alias, 1 drivers
v0x15987cff0_0 .var "dms", 0 0;
v0x15987d080_0 .var "dmwe", 0 0;
v0x15987d110_0 .var "dstb", 0 0;
v0x15987d1a0_0 .var "f1", 0 0;
v0x15987d230_0 .var "f2", 0 0;
v0x15987d2d0_0 .var "h", 0 0;
v0x15987d370_0 .var "iv", 7 0;
v0x15987d420_0 .var "liop", 1 0;
v0x15987d530_0 .net "o", 15 0, v0x15987eee0_0;  alias, 1 drivers
v0x15987d5e0_0 .var "op", 2 0;
v0x15987d6a0_0 .var "pcs", 0 0;
v0x15987d730_0 .var "pcwe", 0 0;
v0x15987d7c0_0 .var "ra", 1 0;
v0x15987d850_0 .var "rb", 1 0;
v0x15987d8f0_0 .net "sg", 0 0, v0x15987bc70_0;  alias, 1 drivers
v0x15987d9a0_0 .var "wad", 1 0;
v0x15987db40_0 .var "we", 0 0;
v0x15987dbe0_0 .net "ze", 0 0, v0x15987bd00_0;  alias, 1 drivers
E_0x15987ce40/0 .event edge, v0x15987d530_0, v0x15987d9a0_0, v0x15987b8b0_0, v0x15987b950_0;
E_0x15987ce40/1 .event edge, v0x15987d7c0_0, v0x15987d850_0, v0x15987d1a0_0, v0x15987bd00_0;
E_0x15987ce40/2 .event edge, v0x15987b790_0, v0x15987bc70_0, v0x15987db40_0, v0x15987d370_0;
E_0x15987ce40/3 .event edge, v0x15987d230_0, v0x15987d420_0;
E_0x15987ce40 .event/or E_0x15987ce40/0, E_0x15987ce40/1, E_0x15987ce40/2, E_0x15987ce40/3;
E_0x15987cee0 .event edge, v0x15987d530_0, v0x15987bd00_0, v0x15987b790_0, v0x15987bc70_0;
S_0x15987dda0 .scope module, "dmem" "dmem" 4 19, 8 2 0, S_0x15986f100;
 .timescale -9 -11;
    .port_info 0 /INPUT 8 "ad";
    .port_info 1 /INPUT 16 "wd";
    .port_info 2 /INPUT 1 "we";
    .port_info 3 /OUTPUT 16 "rd";
    .port_info 4 /INPUT 1 "clk";
L_0x159883180 .functor BUFZ 16, L_0x159882fc0, C4<0000000000000000>, C4<0000000000000000>, C4<0000000000000000>;
v0x15987cc10_0 .net *"_ivl_0", 15 0, L_0x159882fc0;  1 drivers
v0x15987e090_0 .net *"_ivl_2", 9 0, L_0x159883060;  1 drivers
L_0x1500880e8 .functor BUFT 1, C4<00>, C4<0>, C4<0>, C4<0>;
v0x15987e140_0 .net *"_ivl_5", 1 0, L_0x1500880e8;  1 drivers
v0x15987e200_0 .net "ad", 7 0, L_0x159883230;  1 drivers
v0x15987e2b0_0 .net "clk", 0 0, v0x159882580_0;  alias, 1 drivers
v0x15987e380 .array "dm", 0 255, 15 0;
v0x15987e410_0 .net "rd", 15 0, L_0x159883180;  alias, 1 drivers
v0x15987e4c0_0 .net "wd", 15 0, L_0x159882c30;  alias, 1 drivers
v0x15987e570_0 .net "we", 0 0, v0x15987d080_0;  alias, 1 drivers
E_0x15987e010 .event posedge, v0x15987b820_0;
L_0x159882fc0 .array/port v0x15987e380, L_0x159883060;
L_0x159883060 .concat [ 8 2 0 0], L_0x159883230, L_0x1500880e8;
S_0x15987e6d0 .scope module, "dsel" "sel" 4 20, 6 2 0, S_0x15986f100;
 .timescale -9 -11;
    .port_info 0 /INPUT 16 "a";
    .port_info 1 /INPUT 16 "b";
    .port_info 2 /INPUT 1 "s";
    .port_info 3 /OUTPUT 16 "o";
v0x15987e960_0 .net "a", 15 0, L_0x159882e00;  alias, 1 drivers
v0x15987ea30_0 .net "b", 15 0, L_0x159883180;  alias, 1 drivers
v0x15987eae0_0 .var "o", 15 0;
v0x15987eb90_0 .net "s", 0 0, v0x15987cff0_0;  alias, 1 drivers
E_0x15987df60 .event edge, v0x15987cff0_0, v0x15987e410_0, v0x15987bab0_0;
S_0x15987ec90 .scope module, "imem" "imem" 4 16, 9 2 0, S_0x15986f100;
 .timescale -9 -11;
    .port_info 0 /INPUT 6 "pc";
    .port_info 1 /OUTPUT 16 "o";
v0x15987eee0_0 .var "o", 15 0;
v0x15987ef90_0 .net "pc", 5 0, v0x15987fca0_0;  alias, 1 drivers
E_0x15987ee90 .event edge, v0x15987ef90_0;
S_0x15987f060 .scope module, "lidx" "lidx" 4 13, 10 2 0, S_0x15986f100;
 .timescale -9 -11;
    .port_info 0 /INPUT 16 "i";
    .port_info 1 /INPUT 8 "iv";
    .port_info 2 /INPUT 2 "op";
    .port_info 3 /OUTPUT 16 "o";
P_0x15987f220 .param/l "IMM" 0 10 4, +C4<00000000000000000000000000000001>;
P_0x15987f260 .param/l "LIH" 0 10 4, +C4<00000000000000000000000000000011>;
P_0x15987f2a0 .param/l "LIL" 0 10 4, +C4<00000000000000000000000000000010>;
P_0x15987f2e0 .param/l "THU" 0 10 4, +C4<00000000000000000000000000000000>;
v0x15987f5f0_0 .net "i", 15 0, L_0x159882c30;  alias, 1 drivers
v0x15987f6c0_0 .net "iv", 7 0, v0x15987d370_0;  alias, 1 drivers
v0x15987f750_0 .var "o", 15 0;
v0x15987f7e0_0 .net "op", 1 0, v0x15987d420_0;  alias, 1 drivers
E_0x15987f5a0 .event edge, v0x15987d420_0, v0x15987e4c0_0, v0x15987d370_0;
S_0x15987f8b0 .scope module, "pc" "pc" 4 15, 11 2 0, S_0x15986f100;
 .timescale -9 -11;
    .port_info 0 /INPUT 1 "halt";
    .port_info 1 /OUTPUT 6 "pc";
    .port_info 2 /INPUT 1 "we";
    .port_info 3 /INPUT 6 "rwd";
    .port_info 4 /INPUT 1 "clk";
    .port_info 5 /INPUT 1 "rst";
v0x15987fb30_0 .net "clk", 0 0, v0x159882580_0;  alias, 1 drivers
v0x15987fc10_0 .net "halt", 0 0, v0x15987d2d0_0;  alias, 1 drivers
v0x15987fca0_0 .var "pc", 5 0;
v0x15987fd70_0 .net "rst", 0 0, v0x159882610_0;  alias, 1 drivers
v0x15987fe20_0 .net "rwd", 5 0, L_0x159882ea0;  1 drivers
v0x15987fef0_0 .net "we", 0 0, v0x15987d730_0;  alias, 1 drivers
S_0x15987ffd0 .scope module, "rega" "rega" 4 11, 12 2 0, S_0x15986f100;
 .timescale -9 -11;
    .port_info 0 /INPUT 2 "arad";
    .port_info 1 /INPUT 2 "brad";
    .port_info 2 /OUTPUT 16 "a";
    .port_info 3 /OUTPUT 16 "b";
    .port_info 4 /INPUT 1 "we";
    .port_info 5 /INPUT 2 "wad";
    .port_info 6 /INPUT 16 "wd";
    .port_info 7 /INPUT 1 "clk";
    .port_info 8 /INPUT 1 "rst";
L_0x1598829c0 .functor BUFZ 16, L_0x159882840, C4<0000000000000000>, C4<0000000000000000>, C4<0000000000000000>;
L_0x159882c30 .functor BUFZ 16, L_0x159882a70, C4<0000000000000000>, C4<0000000000000000>, C4<0000000000000000>;
v0x159880340_0 .net *"_ivl_0", 15 0, L_0x159882840;  1 drivers
v0x1598803d0_0 .net *"_ivl_10", 3 0, L_0x159882b10;  1 drivers
L_0x150088058 .functor BUFT 1, C4<00>, C4<0>, C4<0>, C4<0>;
v0x159880470_0 .net *"_ivl_13", 1 0, L_0x150088058;  1 drivers
v0x159880500_0 .net *"_ivl_2", 3 0, L_0x1598828e0;  1 drivers
L_0x150088010 .functor BUFT 1, C4<00>, C4<0>, C4<0>, C4<0>;
v0x1598805b0_0 .net *"_ivl_5", 1 0, L_0x150088010;  1 drivers
v0x1598806a0_0 .net *"_ivl_8", 15 0, L_0x159882a70;  1 drivers
v0x159880750_0 .net "a", 15 0, L_0x1598829c0;  alias, 1 drivers
v0x1598807f0_0 .net "arad", 1 0, v0x15987d7c0_0;  alias, 1 drivers
v0x1598808a0_0 .net "b", 15 0, L_0x159882c30;  alias, 1 drivers
v0x1598809b0_0 .net "brad", 1 0, v0x15987d850_0;  alias, 1 drivers
v0x159880a50_0 .net "clk", 0 0, v0x159882580_0;  alias, 1 drivers
v0x159880ae0 .array "regar", 0 3, 15 0;
v0x159880b70_0 .net "rst", 0 0, v0x159882610_0;  alias, 1 drivers
v0x159880c40_0 .net "wad", 1 0, v0x15987d9a0_0;  alias, 1 drivers
v0x159880ce0_0 .net "wd", 15 0, v0x15987eae0_0;  alias, 1 drivers
v0x159880d90_0 .net "we", 0 0, v0x15987db40_0;  alias, 1 drivers
L_0x159882840 .array/port v0x159880ae0, L_0x1598828e0;
L_0x1598828e0 .concat [ 2 2 0 0], v0x15987d7c0_0, L_0x150088010;
L_0x159882a70 .array/port v0x159880ae0, L_0x159882b10;
L_0x159882b10 .concat [ 2 2 0 0], v0x15987d850_0, L_0x150088058;
    .scope S_0x15987ffd0;
T_0 ;
    %wait E_0x15986f270;
    %load/vec4 v0x159880b70_0;
    %flag_set/vec4 8;
    %jmp/0xz  T_0.0, 8;
    %pushi/vec4 0, 0, 16;
    %ix/load 3, 0, 0;
    %flag_set/imm 4, 0;
    %ix/load 4, 0, 0; Constant delay
    %assign/vec4/a/d v0x159880ae0, 0, 4;
    %pushi/vec4 0, 0, 16;
    %ix/load 3, 1, 0;
    %flag_set/imm 4, 0;
    %ix/load 4, 0, 0; Constant delay
    %assign/vec4/a/d v0x159880ae0, 0, 4;
    %pushi/vec4 0, 0, 16;
    %ix/load 3, 2, 0;
    %flag_set/imm 4, 0;
    %ix/load 4, 0, 0; Constant delay
    %assign/vec4/a/d v0x159880ae0, 0, 4;
    %pushi/vec4 0, 0, 16;
    %ix/load 3, 3, 0;
    %flag_set/imm 4, 0;
    %ix/load 4, 0, 0; Constant delay
    %assign/vec4/a/d v0x159880ae0, 0, 4;
    %jmp T_0.1;
T_0.0 ;
    %load/vec4 v0x159880d90_0;
    %flag_set/vec4 8;
    %jmp/0xz  T_0.2, 8;
    %load/vec4 v0x159880ce0_0;
    %load/vec4 v0x159880c40_0;
    %pad/u 4;
    %ix/vec4 3;
    %ix/load 4, 0, 0; Constant delay
    %assign/vec4/a/d v0x159880ae0, 0, 4;
T_0.2 ;
T_0.1 ;
    %jmp T_0;
    .thread T_0;
    .scope S_0x15987be90;
T_1 ;
Ewait_0 .event/or E_0x15987c060, E_0x0;
    %wait Ewait_0;
    %load/vec4 v0x15987c2e0_0;
    %flag_set/vec4 8;
    %jmp/0xz  T_1.0, 8;
    %load/vec4 v0x15987c160_0;
    %store/vec4 v0x15987c210_0, 0, 16;
    %jmp T_1.1;
T_1.0 ;
    %load/vec4 v0x15987c0b0_0;
    %store/vec4 v0x15987c210_0, 0, 16;
T_1.1 ;
    %jmp T_1;
    .thread T_1, $push;
    .scope S_0x15987f060;
T_2 ;
    %wait E_0x15987f5a0;
    %load/vec4 v0x15987f7e0_0;
    %dup/vec4;
    %pushi/vec4 0, 0, 2;
    %cmp/x;
    %jmp/1 T_2.0, 4;
    %dup/vec4;
    %pushi/vec4 1, 0, 2;
    %cmp/x;
    %jmp/1 T_2.1, 4;
    %dup/vec4;
    %pushi/vec4 2, 0, 2;
    %cmp/x;
    %jmp/1 T_2.2, 4;
    %dup/vec4;
    %pushi/vec4 3, 0, 2;
    %cmp/x;
    %jmp/1 T_2.3, 4;
    %jmp T_2.4;
T_2.0 ;
    %load/vec4 v0x15987f5f0_0;
    %store/vec4 v0x15987f750_0, 0, 16;
    %jmp T_2.4;
T_2.1 ;
    %pushi/vec4 0, 0, 8;
    %load/vec4 v0x15987f6c0_0;
    %concat/vec4; draw_concat_vec4
    %store/vec4 v0x15987f750_0, 0, 16;
    %jmp T_2.4;
T_2.2 ;
    %load/vec4 v0x15987f5f0_0;
    %parti/s 8, 8, 5;
    %load/vec4 v0x15987f6c0_0;
    %concat/vec4; draw_concat_vec4
    %store/vec4 v0x15987f750_0, 0, 16;
    %jmp T_2.4;
T_2.3 ;
    %load/vec4 v0x15987f6c0_0;
    %load/vec4 v0x15987f5f0_0;
    %parti/s 8, 0, 2;
    %concat/vec4; draw_concat_vec4
    %store/vec4 v0x15987f750_0, 0, 16;
    %jmp T_2.4;
T_2.4 ;
    %pop/vec4 1;
    %jmp T_2;
    .thread T_2, $push;
    .scope S_0x1598401f0;
T_3 ;
    %wait E_0x159851d70;
    %load/vec4 v0x15987b950_0;
    %dup/vec4;
    %pushi/vec4 0, 0, 3;
    %cmp/u;
    %jmp/1 T_3.0, 6;
    %dup/vec4;
    %pushi/vec4 1, 0, 3;
    %cmp/u;
    %jmp/1 T_3.1, 6;
    %dup/vec4;
    %pushi/vec4 2, 0, 3;
    %cmp/u;
    %jmp/1 T_3.2, 6;
    %dup/vec4;
    %pushi/vec4 3, 0, 3;
    %cmp/u;
    %jmp/1 T_3.3, 6;
    %dup/vec4;
    %pushi/vec4 4, 0, 3;
    %cmp/u;
    %jmp/1 T_3.4, 6;
    %dup/vec4;
    %pushi/vec4 5, 0, 3;
    %cmp/u;
    %jmp/1 T_3.5, 6;
    %dup/vec4;
    %pushi/vec4 6, 0, 3;
    %cmp/u;
    %jmp/1 T_3.6, 6;
    %dup/vec4;
    %pushi/vec4 7, 0, 3;
    %cmp/u;
    %jmp/1 T_3.7, 6;
    %jmp T_3.8;
T_3.0 ;
    %load/vec4 v0x159812770_0;
    %pad/u 17;
    %load/vec4 v0x15987b6f0_0;
    %pad/u 17;
    %add;
    %store/vec4 v0x15987ba00_0, 0, 17;
    %jmp T_3.8;
T_3.1 ;
    %load/vec4 v0x159812770_0;
    %pad/u 17;
    %load/vec4 v0x15987b6f0_0;
    %pad/u 17;
    %sub;
    %store/vec4 v0x15987ba00_0, 0, 17;
    %jmp T_3.8;
T_3.2 ;
    %load/vec4 v0x15987b6f0_0;
    %pad/u 17;
    %store/vec4 v0x15987ba00_0, 0, 17;
    %jmp T_3.8;
T_3.3 ;
    %load/vec4 v0x159812770_0;
    %pad/u 17;
    %ix/getv 4, v0x15987b6f0_0;
    %shiftr 4;
    %store/vec4 v0x15987ba00_0, 0, 17;
    %jmp T_3.8;
T_3.4 ;
    %load/vec4 v0x159812770_0;
    %pad/u 17;
    %ix/getv 4, v0x15987b6f0_0;
    %shiftr 4;
    %store/vec4 v0x15987ba00_0, 0, 17;
    %jmp T_3.8;
T_3.5 ;
    %load/vec4 v0x159812770_0;
    %pad/u 17;
    %ix/getv 4, v0x15987b6f0_0;
    %shiftl 4;
    %store/vec4 v0x15987ba00_0, 0, 17;
    %jmp T_3.8;
T_3.6 ;
    %load/vec4 v0x159812770_0;
    %pad/u 17;
    %load/vec4 v0x15987b6f0_0;
    %pad/u 17;
    %and;
    %inv;
    %store/vec4 v0x15987ba00_0, 0, 17;
    %jmp T_3.8;
T_3.7 ;
    %load/vec4 v0x159812770_0;
    %pad/u 17;
    %load/vec4 v0x15987b6f0_0;
    %pad/u 17;
    %xor;
    %store/vec4 v0x15987ba00_0, 0, 17;
    %jmp T_3.8;
T_3.8 ;
    %pop/vec4 1;
    %jmp T_3;
    .thread T_3, $push;
    .scope S_0x1598401f0;
T_4 ;
    %wait E_0x15986f270;
    %load/vec4 v0x15987bb60_0;
    %flag_set/vec4 8;
    %jmp/0xz  T_4.0, 8;
    %pushi/vec4 0, 0, 1;
    %assign/vec4 v0x15987bd00_0, 0;
    %pushi/vec4 0, 0, 1;
    %assign/vec4 v0x15987b790_0, 0;
    %pushi/vec4 0, 0, 1;
    %assign/vec4 v0x15987bc70_0, 0;
    %jmp T_4.1;
T_4.0 ;
    %load/vec4 v0x15987b8b0_0;
    %pad/u 32;
    %cmpi/e 0, 0, 32;
    %jmp/0xz  T_4.2, 4;
    %load/vec4 v0x15987bab0_0;
    %pad/u 32;
    %cmpi/e 0, 0, 32;
    %jmp/0xz  T_4.4, 4;
    %pushi/vec4 1, 0, 1;
    %assign/vec4 v0x15987bd00_0, 0;
    %jmp T_4.5;
T_4.4 ;
    %pushi/vec4 0, 0, 1;
    %assign/vec4 v0x15987bd00_0, 0;
T_4.5 ;
    %pushi/vec4 0, 0, 1;
    %assign/vec4 v0x15987b790_0, 0;
    %load/vec4 v0x15987ba00_0;
    %parti/s 1, 15, 5;
    %pad/u 32;
    %cmpi/e 1, 0, 32;
    %jmp/0xz  T_4.6, 4;
    %pushi/vec4 1, 0, 1;
    %assign/vec4 v0x15987bc70_0, 0;
    %jmp T_4.7;
T_4.6 ;
    %pushi/vec4 0, 0, 1;
    %assign/vec4 v0x15987bc70_0, 0;
T_4.7 ;
T_4.2 ;
T_4.1 ;
    %jmp T_4;
    .thread T_4;
    .scope S_0x15987f8b0;
T_5 ;
    %wait E_0x15986f270;
    %load/vec4 v0x15987fd70_0;
    %flag_set/vec4 8;
    %jmp/0xz  T_5.0, 8;
    %pushi/vec4 0, 0, 6;
    %assign/vec4 v0x15987fca0_0, 0;
    %jmp T_5.1;
T_5.0 ;
    %load/vec4 v0x15987fc10_0;
    %nor/r;
    %flag_set/vec4 8;
    %jmp/0xz  T_5.2, 8;
    %load/vec4 v0x15987fef0_0;
    %pad/u 32;
    %cmpi/e 1, 0, 32;
    %jmp/0xz  T_5.4, 4;
    %load/vec4 v0x15987fe20_0;
    %assign/vec4 v0x15987fca0_0, 0;
    %jmp T_5.5;
T_5.4 ;
    %load/vec4 v0x15987fca0_0;
    %addi 1, 0, 6;
    %assign/vec4 v0x15987fca0_0, 0;
T_5.5 ;
T_5.2 ;
T_5.1 ;
    %jmp T_5;
    .thread T_5;
    .scope S_0x15987ec90;
T_6 ;
Ewait_1 .event/or E_0x15987ee90, E_0x0;
    %wait Ewait_1;
    %load/vec4 v0x15987ef90_0;
    %dup/vec4;
    %pushi/vec4 0, 0, 6;
    %cmp/u;
    %jmp/1 T_6.0, 6;
    %dup/vec4;
    %pushi/vec4 1, 0, 6;
    %cmp/u;
    %jmp/1 T_6.1, 6;
    %dup/vec4;
    %pushi/vec4 2, 0, 6;
    %cmp/u;
    %jmp/1 T_6.2, 6;
    %dup/vec4;
    %pushi/vec4 3, 0, 6;
    %cmp/u;
    %jmp/1 T_6.3, 6;
    %dup/vec4;
    %pushi/vec4 4, 0, 6;
    %cmp/u;
    %jmp/1 T_6.4, 6;
    %dup/vec4;
    %pushi/vec4 5, 0, 6;
    %cmp/u;
    %jmp/1 T_6.5, 6;
    %dup/vec4;
    %pushi/vec4 6, 0, 6;
    %cmp/u;
    %jmp/1 T_6.6, 6;
    %dup/vec4;
    %pushi/vec4 7, 0, 6;
    %cmp/u;
    %jmp/1 T_6.7, 6;
    %dup/vec4;
    %pushi/vec4 8, 0, 6;
    %cmp/u;
    %jmp/1 T_6.8, 6;
    %dup/vec4;
    %pushi/vec4 9, 0, 6;
    %cmp/u;
    %jmp/1 T_6.9, 6;
    %dup/vec4;
    %pushi/vec4 10, 0, 6;
    %cmp/u;
    %jmp/1 T_6.10, 6;
    %dup/vec4;
    %pushi/vec4 11, 0, 6;
    %cmp/u;
    %jmp/1 T_6.11, 6;
    %dup/vec4;
    %pushi/vec4 12, 0, 6;
    %cmp/u;
    %jmp/1 T_6.12, 6;
    %dup/vec4;
    %pushi/vec4 13, 0, 6;
    %cmp/u;
    %jmp/1 T_6.13, 6;
    %dup/vec4;
    %pushi/vec4 14, 0, 6;
    %cmp/u;
    %jmp/1 T_6.14, 6;
    %dup/vec4;
    %pushi/vec4 15, 0, 6;
    %cmp/u;
    %jmp/1 T_6.15, 6;
    %dup/vec4;
    %pushi/vec4 16, 0, 6;
    %cmp/u;
    %jmp/1 T_6.16, 6;
    %dup/vec4;
    %pushi/vec4 17, 0, 6;
    %cmp/u;
    %jmp/1 T_6.17, 6;
    %dup/vec4;
    %pushi/vec4 18, 0, 6;
    %cmp/u;
    %jmp/1 T_6.18, 6;
    %dup/vec4;
    %pushi/vec4 19, 0, 6;
    %cmp/u;
    %jmp/1 T_6.19, 6;
    %dup/vec4;
    %pushi/vec4 20, 0, 6;
    %cmp/u;
    %jmp/1 T_6.20, 6;
    %dup/vec4;
    %pushi/vec4 21, 0, 6;
    %cmp/u;
    %jmp/1 T_6.21, 6;
    %dup/vec4;
    %pushi/vec4 22, 0, 6;
    %cmp/u;
    %jmp/1 T_6.22, 6;
    %dup/vec4;
    %pushi/vec4 23, 0, 6;
    %cmp/u;
    %jmp/1 T_6.23, 6;
    %dup/vec4;
    %pushi/vec4 24, 0, 6;
    %cmp/u;
    %jmp/1 T_6.24, 6;
    %dup/vec4;
    %pushi/vec4 25, 0, 6;
    %cmp/u;
    %jmp/1 T_6.25, 6;
    %dup/vec4;
    %pushi/vec4 26, 0, 6;
    %cmp/u;
    %jmp/1 T_6.26, 6;
    %dup/vec4;
    %pushi/vec4 27, 0, 6;
    %cmp/u;
    %jmp/1 T_6.27, 6;
    %dup/vec4;
    %pushi/vec4 28, 0, 6;
    %cmp/u;
    %jmp/1 T_6.28, 6;
    %dup/vec4;
    %pushi/vec4 29, 0, 6;
    %cmp/u;
    %jmp/1 T_6.29, 6;
    %dup/vec4;
    %pushi/vec4 30, 0, 6;
    %cmp/u;
    %jmp/1 T_6.30, 6;
    %dup/vec4;
    %pushi/vec4 31, 0, 6;
    %cmp/u;
    %jmp/1 T_6.31, 6;
    %dup/vec4;
    %pushi/vec4 32, 0, 6;
    %cmp/u;
    %jmp/1 T_6.32, 6;
    %dup/vec4;
    %pushi/vec4 33, 0, 6;
    %cmp/u;
    %jmp/1 T_6.33, 6;
    %dup/vec4;
    %pushi/vec4 34, 0, 6;
    %cmp/u;
    %jmp/1 T_6.34, 6;
    %dup/vec4;
    %pushi/vec4 35, 0, 6;
    %cmp/u;
    %jmp/1 T_6.35, 6;
    %dup/vec4;
    %pushi/vec4 36, 0, 6;
    %cmp/u;
    %jmp/1 T_6.36, 6;
    %dup/vec4;
    %pushi/vec4 37, 0, 6;
    %cmp/u;
    %jmp/1 T_6.37, 6;
    %dup/vec4;
    %pushi/vec4 38, 0, 6;
    %cmp/u;
    %jmp/1 T_6.38, 6;
    %dup/vec4;
    %pushi/vec4 39, 0, 6;
    %cmp/u;
    %jmp/1 T_6.39, 6;
    %dup/vec4;
    %pushi/vec4 40, 0, 6;
    %cmp/u;
    %jmp/1 T_6.40, 6;
    %dup/vec4;
    %pushi/vec4 41, 0, 6;
    %cmp/u;
    %jmp/1 T_6.41, 6;
    %dup/vec4;
    %pushi/vec4 42, 0, 6;
    %cmp/u;
    %jmp/1 T_6.42, 6;
    %dup/vec4;
    %pushi/vec4 43, 0, 6;
    %cmp/u;
    %jmp/1 T_6.43, 6;
    %jmp T_6.44;
T_6.0 ;
    %pushi/vec4 0, 0, 16;
    %store/vec4 v0x15987eee0_0, 0, 16;
    %jmp T_6.44;
T_6.1 ;
    %pushi/vec4 33281, 0, 16;
    %store/vec4 v0x15987eee0_0, 0, 16;
    %jmp T_6.44;
T_6.2 ;
    %pushi/vec4 33536, 0, 16;
    %store/vec4 v0x15987eee0_0, 0, 16;
    %jmp T_6.44;
T_6.3 ;
    %pushi/vec4 18432, 0, 16;
    %store/vec4 v0x15987eee0_0, 0, 16;
    %jmp T_6.44;
T_6.4 ;
    %pushi/vec4 34305, 0, 16;
    %store/vec4 v0x15987eee0_0, 0, 16;
    %jmp T_6.44;
T_6.5 ;
    %pushi/vec4 34560, 0, 16;
    %store/vec4 v0x15987eee0_0, 0, 16;
    %jmp T_6.44;
T_6.6 ;
    %pushi/vec4 18689, 0, 16;
    %store/vec4 v0x15987eee0_0, 0, 16;
    %jmp T_6.44;
T_6.7 ;
    %pushi/vec4 2561, 0, 16;
    %store/vec4 v0x15987eee0_0, 0, 16;
    %jmp T_6.44;
T_6.8 ;
    %pushi/vec4 2081, 0, 16;
    %store/vec4 v0x15987eee0_0, 0, 16;
    %jmp T_6.44;
T_6.9 ;
    %pushi/vec4 2338, 0, 16;
    %store/vec4 v0x15987eee0_0, 0, 16;
    %jmp T_6.44;
T_6.10 ;
    %pushi/vec4 18690, 0, 16;
    %store/vec4 v0x15987eee0_0, 0, 16;
    %jmp T_6.44;
T_6.11 ;
    %pushi/vec4 2561, 0, 16;
    %store/vec4 v0x15987eee0_0, 0, 16;
    %jmp T_6.44;
T_6.12 ;
    %pushi/vec4 2081, 0, 16;
    %store/vec4 v0x15987eee0_0, 0, 16;
    %jmp T_6.44;
T_6.13 ;
    %pushi/vec4 2338, 0, 16;
    %store/vec4 v0x15987eee0_0, 0, 16;
    %jmp T_6.44;
T_6.14 ;
    %pushi/vec4 18691, 0, 16;
    %store/vec4 v0x15987eee0_0, 0, 16;
    %jmp T_6.44;
T_6.15 ;
    %pushi/vec4 2561, 0, 16;
    %store/vec4 v0x15987eee0_0, 0, 16;
    %jmp T_6.44;
T_6.16 ;
    %pushi/vec4 2081, 0, 16;
    %store/vec4 v0x15987eee0_0, 0, 16;
    %jmp T_6.44;
T_6.17 ;
    %pushi/vec4 2338, 0, 16;
    %store/vec4 v0x15987eee0_0, 0, 16;
    %jmp T_6.44;
T_6.18 ;
    %pushi/vec4 18692, 0, 16;
    %store/vec4 v0x15987eee0_0, 0, 16;
    %jmp T_6.44;
T_6.19 ;
    %pushi/vec4 2561, 0, 16;
    %store/vec4 v0x15987eee0_0, 0, 16;
    %jmp T_6.44;
T_6.20 ;
    %pushi/vec4 2081, 0, 16;
    %store/vec4 v0x15987eee0_0, 0, 16;
    %jmp T_6.44;
T_6.21 ;
    %pushi/vec4 2338, 0, 16;
    %store/vec4 v0x15987eee0_0, 0, 16;
    %jmp T_6.44;
T_6.22 ;
    %pushi/vec4 18693, 0, 16;
    %store/vec4 v0x15987eee0_0, 0, 16;
    %jmp T_6.44;
T_6.23 ;
    %pushi/vec4 2561, 0, 16;
    %store/vec4 v0x15987eee0_0, 0, 16;
    %jmp T_6.44;
T_6.24 ;
    %pushi/vec4 2081, 0, 16;
    %store/vec4 v0x15987eee0_0, 0, 16;
    %jmp T_6.44;
T_6.25 ;
    %pushi/vec4 2338, 0, 16;
    %store/vec4 v0x15987eee0_0, 0, 16;
    %jmp T_6.44;
T_6.26 ;
    %pushi/vec4 18694, 0, 16;
    %store/vec4 v0x15987eee0_0, 0, 16;
    %jmp T_6.44;
T_6.27 ;
    %pushi/vec4 2561, 0, 16;
    %store/vec4 v0x15987eee0_0, 0, 16;
    %jmp T_6.44;
T_6.28 ;
    %pushi/vec4 2081, 0, 16;
    %store/vec4 v0x15987eee0_0, 0, 16;
    %jmp T_6.44;
T_6.29 ;
    %pushi/vec4 2338, 0, 16;
    %store/vec4 v0x15987eee0_0, 0, 16;
    %jmp T_6.44;
T_6.30 ;
    %pushi/vec4 18695, 0, 16;
    %store/vec4 v0x15987eee0_0, 0, 16;
    %jmp T_6.44;
T_6.31 ;
    %pushi/vec4 2561, 0, 16;
    %store/vec4 v0x15987eee0_0, 0, 16;
    %jmp T_6.44;
T_6.32 ;
    %pushi/vec4 2081, 0, 16;
    %store/vec4 v0x15987eee0_0, 0, 16;
    %jmp T_6.44;
T_6.33 ;
    %pushi/vec4 2338, 0, 16;
    %store/vec4 v0x15987eee0_0, 0, 16;
    %jmp T_6.44;
T_6.34 ;
    %pushi/vec4 18696, 0, 16;
    %store/vec4 v0x15987eee0_0, 0, 16;
    %jmp T_6.44;
T_6.35 ;
    %pushi/vec4 36864, 0, 16;
    %store/vec4 v0x15987eee0_0, 0, 16;
    %jmp T_6.44;
T_6.36 ;
    %pushi/vec4 36865, 0, 16;
    %store/vec4 v0x15987eee0_0, 0, 16;
    %jmp T_6.44;
T_6.37 ;
    %pushi/vec4 36866, 0, 16;
    %store/vec4 v0x15987eee0_0, 0, 16;
    %jmp T_6.44;
T_6.38 ;
    %pushi/vec4 36867, 0, 16;
    %store/vec4 v0x15987eee0_0, 0, 16;
    %jmp T_6.44;
T_6.39 ;
    %pushi/vec4 36868, 0, 16;
    %store/vec4 v0x15987eee0_0, 0, 16;
    %jmp T_6.44;
T_6.40 ;
    %pushi/vec4 36869, 0, 16;
    %store/vec4 v0x15987eee0_0, 0, 16;
    %jmp T_6.44;
T_6.41 ;
    %pushi/vec4 36870, 0, 16;
    %store/vec4 v0x15987eee0_0, 0, 16;
    %jmp T_6.44;
T_6.42 ;
    %pushi/vec4 36871, 0, 16;
    %store/vec4 v0x15987eee0_0, 0, 16;
    %jmp T_6.44;
T_6.43 ;
    %pushi/vec4 36872, 0, 16;
    %store/vec4 v0x15987eee0_0, 0, 16;
    %jmp T_6.44;
T_6.44 ;
    %pop/vec4 1;
    %jmp T_6;
    .thread T_6, $push;
    .scope S_0x15987c3d0;
T_7 ;
    %wait E_0x15987cee0;
    %pushi/vec4 0, 0, 1;
    %store/vec4 v0x15987d1a0_0, 0, 1;
    %pushi/vec4 0, 0, 1;
    %store/vec4 v0x15987d230_0, 0, 1;
    %load/vec4 v0x15987d530_0;
    %parti/s 2, 8, 5;
    %dup/vec4;
    %pushi/vec4 0, 0, 2;
    %cmp/u;
    %jmp/1 T_7.0, 6;
    %dup/vec4;
    %pushi/vec4 1, 0, 2;
    %cmp/u;
    %jmp/1 T_7.1, 6;
    %dup/vec4;
    %pushi/vec4 2, 0, 2;
    %cmp/u;
    %jmp/1 T_7.2, 6;
    %dup/vec4;
    %pushi/vec4 3, 0, 2;
    %cmp/u;
    %jmp/1 T_7.3, 6;
    %jmp T_7.4;
T_7.0 ;
    %pushi/vec4 1, 0, 1;
    %store/vec4 v0x15987d1a0_0, 0, 1;
    %pushi/vec4 1, 0, 1;
    %store/vec4 v0x15987d230_0, 0, 1;
    %jmp T_7.4;
T_7.1 ;
    %load/vec4 v0x15987dbe0_0;
    %inv;
    %load/vec4 v0x15987d530_0;
    %parti/s 1, 7, 4;
    %xor;
    %store/vec4 v0x15987d1a0_0, 0, 1;
    %load/vec4 v0x15987dbe0_0;
    %inv;
    %load/vec4 v0x15987d530_0;
    %parti/s 1, 12, 5;
    %xor;
    %store/vec4 v0x15987d230_0, 0, 1;
    %jmp T_7.4;
T_7.2 ;
    %load/vec4 v0x15987cf30_0;
    %inv;
    %load/vec4 v0x15987d530_0;
    %parti/s 1, 7, 4;
    %xor;
    %store/vec4 v0x15987d1a0_0, 0, 1;
    %load/vec4 v0x15987cf30_0;
    %inv;
    %load/vec4 v0x15987d530_0;
    %parti/s 1, 12, 5;
    %xor;
    %store/vec4 v0x15987d230_0, 0, 1;
    %jmp T_7.4;
T_7.3 ;
    %load/vec4 v0x15987d8f0_0;
    %inv;
    %load/vec4 v0x15987d530_0;
    %parti/s 1, 7, 4;
    %xor;
    %store/vec4 v0x15987d1a0_0, 0, 1;
    %load/vec4 v0x15987d8f0_0;
    %inv;
    %load/vec4 v0x15987d530_0;
    %parti/s 1, 12, 5;
    %xor;
    %store/vec4 v0x15987d230_0, 0, 1;
    %jmp T_7.4;
T_7.4 ;
    %pop/vec4 1;
    %jmp T_7;
    .thread T_7, $push;
    .scope S_0x15987c3d0;
T_8 ;
    %wait E_0x15987ce40;
    %pushi/vec4 0, 0, 1;
    %store/vec4 v0x15987d2d0_0, 0, 1;
    %pushi/vec4 0, 0, 2;
    %store/vec4 v0x15987d7c0_0, 0, 2;
    %pushi/vec4 0, 0, 2;
    %store/vec4 v0x15987d850_0, 0, 2;
    %pushi/vec4 2, 0, 3;
    %store/vec4 v0x15987d5e0_0, 0, 3;
    %pushi/vec4 0, 0, 1;
    %store/vec4 v0x15987db40_0, 0, 1;
    %pushi/vec4 0, 0, 2;
    %store/vec4 v0x15987d9a0_0, 0, 2;
    %pushi/vec4 0, 0, 2;
    %store/vec4 v0x15987d420_0, 0, 2;
    %pushi/vec4 0, 0, 8;
    %store/vec4 v0x15987d370_0, 0, 8;
    %pushi/vec4 0, 0, 1;
    %store/vec4 v0x15987d110_0, 0, 1;
    %pushi/vec4 0, 0, 1;
    %store/vec4 v0x15987d730_0, 0, 1;
    %pushi/vec4 0, 0, 1;
    %store/vec4 v0x15987d080_0, 0, 1;
    %pushi/vec4 0, 0, 1;
    %store/vec4 v0x15987cff0_0, 0, 1;
    %pushi/vec4 0, 0, 1;
    %store/vec4 v0x15987d6a0_0, 0, 1;
    %load/vec4 v0x15987d530_0;
    %parti/s 3, 13, 5;
    %dup/vec4;
    %pushi/vec4 0, 0, 3;
    %cmp/u;
    %jmp/1 T_8.0, 6;
    %dup/vec4;
    %pushi/vec4 1, 0, 3;
    %cmp/u;
    %jmp/1 T_8.1, 6;
    %dup/vec4;
    %pushi/vec4 2, 0, 3;
    %cmp/u;
    %jmp/1 T_8.2, 6;
    %dup/vec4;
    %pushi/vec4 3, 0, 3;
    %cmp/u;
    %jmp/1 T_8.3, 6;
    %dup/vec4;
    %pushi/vec4 4, 0, 3;
    %cmp/u;
    %jmp/1 T_8.4, 6;
    %dup/vec4;
    %pushi/vec4 5, 0, 3;
    %cmp/u;
    %jmp/1 T_8.5, 6;
    %dup/vec4;
    %pushi/vec4 6, 0, 3;
    %cmp/u;
    %jmp/1 T_8.6, 6;
    %dup/vec4;
    %pushi/vec4 7, 0, 3;
    %cmp/u;
    %jmp/1 T_8.7, 6;
    %jmp T_8.8;
T_8.0 ;
    %load/vec4 v0x15987d530_0;
    %parti/s 3, 10, 5;
    %dup/vec4;
    %pushi/vec4 0, 0, 3;
    %cmp/u;
    %jmp/1 T_8.9, 6;
    %dup/vec4;
    %pushi/vec4 1, 0, 3;
    %cmp/u;
    %jmp/1 T_8.10, 6;
    %dup/vec4;
    %pushi/vec4 2, 0, 3;
    %cmp/u;
    %jmp/1 T_8.11, 6;
    %dup/vec4;
    %pushi/vec4 3, 0, 3;
    %cmp/u;
    %jmp/1 T_8.12, 6;
    %dup/vec4;
    %pushi/vec4 4, 0, 3;
    %cmp/u;
    %jmp/1 T_8.13, 6;
    %dup/vec4;
    %pushi/vec4 5, 0, 3;
    %cmp/u;
    %jmp/1 T_8.14, 6;
    %dup/vec4;
    %pushi/vec4 6, 0, 3;
    %cmp/u;
    %jmp/1 T_8.15, 6;
    %dup/vec4;
    %pushi/vec4 7, 0, 3;
    %cmp/u;
    %jmp/1 T_8.16, 6;
    %jmp T_8.17;
T_8.9 ;
    %load/vec4 v0x15987d530_0;
    %parti/s 1, 0, 2;
    %dup/vec4;
    %pushi/vec4 0, 0, 1;
    %cmp/u;
    %jmp/1 T_8.18, 6;
    %dup/vec4;
    %pushi/vec4 1, 0, 1;
    %cmp/u;
    %jmp/1 T_8.19, 6;
    %jmp T_8.20;
T_8.18 ;
    %pushi/vec4 1, 0, 1;
    %store/vec4 v0x15987d110_0, 0, 1;
    %vpi_call/w 7 102 "$display", "NOP" {0 0 0};
    %jmp T_8.20;
T_8.19 ;
    %pushi/vec4 1, 0, 1;
    %store/vec4 v0x15987d2d0_0, 0, 1;
    %vpi_call/w 7 109 "$display", "HALT" {0 0 0};
    %jmp T_8.20;
T_8.20 ;
    %pop/vec4 1;
    %jmp T_8.17;
T_8.10 ;
    %jmp T_8.17;
T_8.11 ;
    %load/vec4 v0x15987d530_0;
    %parti/s 2, 8, 5;
    %store/vec4 v0x15987d9a0_0, 0, 2;
    %pushi/vec4 1, 0, 1;
    %store/vec4 v0x15987db40_0, 0, 1;
    %load/vec4 v0x15987d530_0;
    %parti/s 1, 7, 4;
    %store/vec4 v0x15987d110_0, 0, 1;
    %load/vec4 v0x15987d530_0;
    %parti/s 3, 4, 4;
    %store/vec4 v0x15987d5e0_0, 0, 3;
    %load/vec4 v0x15987d530_0;
    %parti/s 2, 2, 3;
    %store/vec4 v0x15987d7c0_0, 0, 2;
    %load/vec4 v0x15987d530_0;
    %parti/s 2, 0, 2;
    %store/vec4 v0x15987d850_0, 0, 2;
    %vpi_call/w 7 128 "$display", "CAL rw:%h F:%h op:%h, ra:%h, rb:%h", v0x15987d9a0_0, v0x15987d110_0, v0x15987d5e0_0, v0x15987d7c0_0, v0x15987d850_0 {0 0 0};
    %vpi_call/w 7 129 "$display", "CAL rw=ra,rb (F=0:NORM/1:DSTB) MV" {0 0 0};
    %jmp T_8.17;
T_8.12 ;
    %load/vec4 v0x15987d530_0;
    %parti/s 3, 4, 4;
    %store/vec4 v0x15987d5e0_0, 0, 3;
    %load/vec4 v0x15987d530_0;
    %parti/s 2, 2, 3;
    %store/vec4 v0x15987d7c0_0, 0, 2;
    %load/vec4 v0x15987d530_0;
    %parti/s 2, 0, 2;
    %store/vec4 v0x15987d850_0, 0, 2;
    %vpi_call/w 7 139 "$display", "EVA CAL op:%h, ra:%h, rb:%h", v0x15987d5e0_0, v0x15987d7c0_0, v0x15987d850_0 {0 0 0};
    %vpi_call/w 7 140 "$display", "EVA CAL ra,rb (F=0)/CMP ra,rb" {0 0 0};
    %jmp T_8.17;
T_8.13 ;
    %load/vec4 v0x15987d1a0_0;
    %flag_set/vec4 8;
    %jmp/0xz  T_8.21, 8;
    %load/vec4 v0x15987d530_0;
    %parti/s 3, 4, 4;
    %store/vec4 v0x15987d5e0_0, 0, 3;
    %load/vec4 v0x15987d530_0;
    %parti/s 2, 2, 3;
    %store/vec4 v0x15987d7c0_0, 0, 2;
    %load/vec4 v0x15987d530_0;
    %parti/s 2, 0, 2;
    %store/vec4 v0x15987d850_0, 0, 2;
    %pushi/vec4 1, 0, 1;
    %store/vec4 v0x15987d730_0, 0, 1;
T_8.21 ;
    %vpi_call/w 7 155 "$display", "JP/BR f1:%h(Z%hC%hS%h) op:%h, ra:%h, rb:%h", v0x15987d1a0_0, v0x15987dbe0_0, v0x15987cf30_0, v0x15987d8f0_0, v0x15987d5e0_0, v0x15987d7c0_0, v0x15987d850_0 {0 0 0};
    %vpi_call/w 7 156 "$display", "JP/BR fp [ra op rb] (ff:NC,Z,C,S)" {0 0 0};
    %jmp T_8.17;
T_8.14 ;
    %jmp T_8.17;
T_8.15 ;
    %pushi/vec4 1, 0, 1;
    %store/vec4 v0x15987d080_0, 0, 1;
    %load/vec4 v0x15987d530_0;
    %parti/s 1, 9, 5;
    %store/vec4 v0x15987d110_0, 0, 1;
    %load/vec4 v0x15987d530_0;
    %parti/s 3, 4, 4;
    %store/vec4 v0x15987d5e0_0, 0, 3;
    %load/vec4 v0x15987d530_0;
    %parti/s 2, 2, 3;
    %store/vec4 v0x15987d7c0_0, 0, 2;
    %load/vec4 v0x15987d530_0;
    %parti/s 2, 0, 2;
    %store/vec4 v0x15987d850_0, 0, 2;
    %vpi_call/w 7 172 "$display", "SM [ra]=rb / SM [ra] = [ra op rb] *MM" {0 0 0};
    %vpi_call/w 7 173 "$display", "SM d:%h op:%h, ra:%h, rb:%h", v0x15987d110_0, v0x15987d5e0_0, v0x15987d7c0_0, v0x15987d850_0 {0 0 0};
    %jmp T_8.17;
T_8.16 ;
    %load/vec4 v0x15987d530_0;
    %parti/s 2, 8, 5;
    %store/vec4 v0x15987d9a0_0, 0, 2;
    %pushi/vec4 1, 0, 1;
    %store/vec4 v0x15987db40_0, 0, 1;
    %load/vec4 v0x15987d530_0;
    %parti/s 1, 7, 4;
    %store/vec4 v0x15987d110_0, 0, 1;
    %load/vec4 v0x15987d530_0;
    %parti/s 3, 4, 4;
    %store/vec4 v0x15987d5e0_0, 0, 3;
    %load/vec4 v0x15987d530_0;
    %parti/s 2, 2, 3;
    %store/vec4 v0x15987d7c0_0, 0, 2;
    %load/vec4 v0x15987d530_0;
    %parti/s 2, 0, 2;
    %store/vec4 v0x15987d850_0, 0, 2;
    %pushi/vec4 1, 0, 1;
    %store/vec4 v0x15987cff0_0, 0, 1;
    %vpi_call/w 7 187 "$display", "LM rw=[ra op rb] / LM rw=[rb] *MM" {0 0 0};
    %vpi_call/w 7 188 "$display", "SM wr:%d d:%h op:%h, ra:%h, rb:%h", v0x15987d9a0_0, v0x15987d110_0, v0x15987d5e0_0, v0x15987d7c0_0, v0x15987d850_0 {0 0 0};
    %jmp T_8.17;
T_8.17 ;
    %pop/vec4 1;
    %jmp T_8.8;
T_8.1 ;
    %load/vec4 v0x15987d530_0;
    %parti/s 2, 10, 5;
    %store/vec4 v0x15987d9a0_0, 0, 2;
    %pushi/vec4 1, 0, 1;
    %store/vec4 v0x15987db40_0, 0, 1;
    %load/vec4 v0x15987d530_0;
    %parti/s 2, 8, 5;
    %store/vec4 v0x15987d7c0_0, 0, 2;
    %pushi/vec4 0, 0, 2;
    %load/vec4 v0x15987d530_0;
    %parti/s 1, 12, 5;
    %concat/vec4; draw_concat_vec4
    %store/vec4 v0x15987d5e0_0, 0, 3;
    %load/vec4 v0x15987d530_0;
    %parti/s 8, 0, 2;
    %store/vec4 v0x15987d370_0, 0, 8;
    %pushi/vec4 1, 0, 2;
    %store/vec4 v0x15987d420_0, 0, 2;
    %vpi_call/w 7 203 "$display", "CAL rw=ra,im (#=0:ADD/1:SUB only)" {0 0 0};
    %vpi_call/w 7 204 "$display", "CAL op#:%h wr:%h[%h], ra:%h, rb:%h, IM:%h", v0x15987d5e0_0, v0x15987d9a0_0, v0x15987db40_0, v0x15987d7c0_0, v0x15987d850_0, v0x15987d370_0 {0 0 0};
    %jmp T_8.8;
T_8.2 ;
    %load/vec4 v0x15987d530_0;
    %parti/s 1, 11, 5;
    %dup/vec4;
    %pushi/vec4 0, 0, 1;
    %cmp/u;
    %jmp/1 T_8.23, 6;
    %dup/vec4;
    %pushi/vec4 1, 0, 1;
    %cmp/u;
    %jmp/1 T_8.24, 6;
    %jmp T_8.25;
T_8.23 ;
    %load/vec4 v0x15987d230_0;
    %flag_set/vec4 8;
    %jmp/0xz  T_8.26, 8;
    %pushi/vec4 1, 0, 1;
    %store/vec4 v0x15987d730_0, 0, 1;
    %pushi/vec4 1, 0, 2;
    %store/vec4 v0x15987d420_0, 0, 2;
    %load/vec4 v0x15987d530_0;
    %parti/s 8, 0, 2;
    %store/vec4 v0x15987d370_0, 0, 8;
T_8.26 ;
    %vpi_call/w 7 223 "$display", "JP/BR fp [(s)im]" {0 0 0};
    %vpi_call/w 7 224 "$display", "JP/BR f2:%h(Z%hC%hS%h) liop:%h, IM:%h", v0x15987d230_0, v0x15987dbe0_0, v0x15987cf30_0, v0x15987d8f0_0, v0x15987d420_0, v0x15987d370_0 {0 0 0};
    %jmp T_8.25;
T_8.24 ;
    %load/vec4 v0x15987d530_0;
    %parti/s 1, 10, 5;
    %dup/vec4;
    %pushi/vec4 1, 0, 1;
    %cmp/u;
    %jmp/1 T_8.28, 6;
    %dup/vec4;
    %pushi/vec4 0, 0, 1;
    %cmp/u;
    %jmp/1 T_8.29, 6;
    %jmp T_8.30;
T_8.28 ;
    %load/vec4 v0x15987d230_0;
    %flag_set/vec4 8;
    %jmp/0xz  T_8.31, 8;
    %pushi/vec4 1, 0, 1;
    %store/vec4 v0x15987d730_0, 0, 1;
    %pushi/vec4 1, 0, 1;
    %store/vec4 v0x15987d6a0_0, 0, 1;
    %pushi/vec4 0, 0, 3;
    %store/vec4 v0x15987d5e0_0, 0, 3;
    %pushi/vec4 1, 0, 2;
    %store/vec4 v0x15987d420_0, 0, 2;
    %load/vec4 v0x15987d530_0;
    %parti/s 8, 0, 2;
    %store/vec4 v0x15987d370_0, 0, 8;
T_8.31 ;
    %vpi_call/w 7 244 "$display", "JP/BR fp [PC + (s)im]" {0 0 0};
    %vpi_call/w 7 245 "$display", "JP/BR f2:%h(Z%hC%hS%h) liop:%h, op:%h IM:%h", v0x15987d230_0, v0x15987dbe0_0, v0x15987cf30_0, v0x15987d8f0_0, v0x15987d5e0_0, v0x15987d420_0, v0x15987d370_0 {0 0 0};
    %jmp T_8.30;
T_8.29 ;
    %load/vec4 v0x15987d530_0;
    %parti/s 2, 8, 5;
    %store/vec4 v0x15987d850_0, 0, 2;
    %pushi/vec4 1, 0, 1;
    %store/vec4 v0x15987d080_0, 0, 1;
    %load/vec4 v0x15987d530_0;
    %parti/s 8, 0, 2;
    %store/vec4 v0x15987d370_0, 0, 8;
    %pushi/vec4 1, 0, 2;
    %store/vec4 v0x15987d420_0, 0, 2;
    %vpi_call/w 7 256 "$display", "SM [(s)im]=rb *MM" {0 0 0};
    %vpi_call/w 7 257 "$display", "SM rb:%h IM:%h", v0x15987d850_0, v0x15987d370_0 {0 0 0};
    %jmp T_8.30;
T_8.30 ;
    %pop/vec4 1;
    %jmp T_8.25;
T_8.25 ;
    %pop/vec4 1;
    %jmp T_8.8;
T_8.3 ;
    %load/vec4 v0x15987d230_0;
    %flag_set/vec4 8;
    %jmp/0xz  T_8.33, 8;
    %pushi/vec4 1, 0, 1;
    %store/vec4 v0x15987d730_0, 0, 1;
    %pushi/vec4 0, 0, 3;
    %store/vec4 v0x15987d5e0_0, 0, 3;
    %load/vec4 v0x15987d530_0;
    %parti/s 2, 10, 5;
    %store/vec4 v0x15987d7c0_0, 0, 2;
    %pushi/vec4 1, 0, 2;
    %store/vec4 v0x15987d420_0, 0, 2;
    %load/vec4 v0x15987d530_0;
    %parti/s 8, 0, 2;
    %store/vec4 v0x15987d370_0, 0, 8;
T_8.33 ;
    %vpi_call/w 7 277 "$display", "JP/BR fp [ra + (s)im]" {0 0 0};
    %vpi_call/w 7 278 "$display", "JP/BR f2:%h(Z%hC%hS%h) ra:%h liop:%h, op:%h IM:%h", v0x15987d230_0, v0x15987dbe0_0, v0x15987cf30_0, v0x15987d8f0_0, v0x15987d7c0_0, v0x15987d5e0_0, v0x15987d420_0, v0x15987d370_0 {0 0 0};
    %jmp T_8.8;
T_8.4 ;
    %load/vec4 v0x15987d530_0;
    %parti/s 1, 12, 5;
    %dup/vec4;
    %pushi/vec4 0, 0, 1;
    %cmp/u;
    %jmp/1 T_8.35, 6;
    %dup/vec4;
    %pushi/vec4 1, 0, 1;
    %cmp/u;
    %jmp/1 T_8.36, 6;
    %jmp T_8.37;
T_8.35 ;
    %load/vec4 v0x15987d530_0;
    %parti/s 2, 8, 5;
    %dup/vec4;
    %pushi/vec4 0, 0, 2;
    %cmp/u;
    %jmp/1 T_8.38, 6;
    %dup/vec4;
    %pushi/vec4 1, 0, 2;
    %cmp/u;
    %jmp/1 T_8.39, 6;
    %dup/vec4;
    %pushi/vec4 2, 0, 2;
    %cmp/u;
    %jmp/1 T_8.40, 6;
    %dup/vec4;
    %pushi/vec4 3, 0, 2;
    %cmp/u;
    %jmp/1 T_8.41, 6;
    %jmp T_8.42;
T_8.38 ;
    %load/vec4 v0x15987d530_0;
    %parti/s 2, 10, 5;
    %store/vec4 v0x15987d9a0_0, 0, 2;
    %pushi/vec4 1, 0, 1;
    %store/vec4 v0x15987db40_0, 0, 1;
    %pushi/vec4 0, 0, 5;
    %load/vec4 v0x15987d8f0_0;
    %concat/vec4; draw_concat_vec4
    %load/vec4 v0x15987cf30_0;
    %concat/vec4; draw_concat_vec4
    %load/vec4 v0x15987dbe0_0;
    %concat/vec4; draw_concat_vec4
    %store/vec4 v0x15987d370_0, 0, 8;
    %pushi/vec4 1, 0, 2;
    %store/vec4 v0x15987d420_0, 0, 2;
    %vpi_call/w 7 295 "$display", "LI rw,SM S:sign C:carry Z:zero" {0 0 0};
    %vpi_call/w 7 296 "$display", "LI SM h(Z%hC%hS%h) wr:%h liop:%h, IM:%h", v0x15987d230_0, v0x15987dbe0_0, v0x15987cf30_0, v0x15987d8f0_0, v0x15987d9a0_0, v0x15987d420_0, v0x15987d370_0 {0 0 0};
    %jmp T_8.42;
T_8.39 ;
    %load/vec4 v0x15987d530_0;
    %parti/s 2, 10, 5;
    %store/vec4 v0x15987d9a0_0, 0, 2;
    %pushi/vec4 1, 0, 1;
    %store/vec4 v0x15987db40_0, 0, 1;
    %load/vec4 v0x15987d530_0;
    %parti/s 8, 0, 2;
    %store/vec4 v0x15987d370_0, 0, 8;
    %pushi/vec4 1, 0, 2;
    %store/vec4 v0x15987d420_0, 0, 2;
    %vpi_call/w 7 307 "$display", "LI rw,(s)im lidx=o[9:8]" {0 0 0};
    %vpi_call/w 7 308 "$display", "LI wr:%h liop:%h, IM:%h", v0x15987d9a0_0, v0x15987d420_0, v0x15987d370_0 {0 0 0};
    %jmp T_8.42;
T_8.40 ;
    %load/vec4 v0x15987d530_0;
    %parti/s 2, 10, 5;
    %store/vec4 v0x15987d9a0_0, 0, 2;
    %pushi/vec4 1, 0, 1;
    %store/vec4 v0x15987db40_0, 0, 1;
    %load/vec4 v0x15987d530_0;
    %parti/s 2, 10, 5;
    %store/vec4 v0x15987d850_0, 0, 2;
    %load/vec4 v0x15987d530_0;
    %parti/s 8, 0, 2;
    %store/vec4 v0x15987d370_0, 0, 8;
    %pushi/vec4 2, 0, 2;
    %store/vec4 v0x15987d420_0, 0, 2;
    %vpi_call/w 7 320 "$display", "LIL rw,im (rw=rb)" {0 0 0};
    %vpi_call/w 7 321 "$display", "LIL wr:%h liop:%h, IM:%h (rb:%h)", v0x15987d9a0_0, v0x15987d420_0, v0x15987d370_0, v0x15987d850_0 {0 0 0};
    %jmp T_8.42;
T_8.41 ;
    %load/vec4 v0x15987d530_0;
    %parti/s 2, 10, 5;
    %store/vec4 v0x15987d9a0_0, 0, 2;
    %pushi/vec4 1, 0, 1;
    %store/vec4 v0x15987db40_0, 0, 1;
    %load/vec4 v0x15987d530_0;
    %parti/s 2, 10, 5;
    %store/vec4 v0x15987d850_0, 0, 2;
    %load/vec4 v0x15987d530_0;
    %parti/s 8, 0, 2;
    %store/vec4 v0x15987d370_0, 0, 8;
    %pushi/vec4 3, 0, 2;
    %store/vec4 v0x15987d420_0, 0, 2;
    %vpi_call/w 7 333 "$display", "LIH rw,im (rw=rb)" {0 0 0};
    %vpi_call/w 7 334 "$display", "LIH wr:%h liop:%h, IM:%h (rb:%h)", v0x15987d9a0_0, v0x15987d420_0, v0x15987d370_0, v0x15987d850_0 {0 0 0};
    %jmp T_8.42;
T_8.42 ;
    %pop/vec4 1;
    %jmp T_8.37;
T_8.36 ;
    %load/vec4 v0x15987d530_0;
    %parti/s 2, 10, 5;
    %store/vec4 v0x15987d9a0_0, 0, 2;
    %pushi/vec4 1, 0, 1;
    %store/vec4 v0x15987db40_0, 0, 1;
    %load/vec4 v0x15987d530_0;
    %parti/s 8, 0, 2;
    %store/vec4 v0x15987d370_0, 0, 8;
    %pushi/vec4 1, 0, 2;
    %store/vec4 v0x15987d420_0, 0, 2;
    %pushi/vec4 1, 0, 1;
    %store/vec4 v0x15987cff0_0, 0, 1;
    %vpi_call/w 7 348 "$display", "LM rw=[im] *MM" {0 0 0};
    %vpi_call/w 7 349 "$display", "LM wr:%h liop:%h, IM:%h", v0x15987d9a0_0, v0x15987d420_0, v0x15987d370_0, v0x15987d850_0 {0 0 0};
    %jmp T_8.37;
T_8.37 ;
    %pop/vec4 1;
    %jmp T_8.8;
T_8.5 ;
    %load/vec4 v0x15987d530_0;
    %parti/s 1, 12, 5;
    %dup/vec4;
    %pushi/vec4 0, 0, 1;
    %cmp/u;
    %jmp/1 T_8.43, 6;
    %dup/vec4;
    %pushi/vec4 1, 0, 1;
    %cmp/u;
    %jmp/1 T_8.44, 6;
    %jmp T_8.45;
T_8.43 ;
    %load/vec4 v0x15987d530_0;
    %parti/s 2, 10, 5;
    %store/vec4 v0x15987d9a0_0, 0, 2;
    %pushi/vec4 1, 0, 1;
    %store/vec4 v0x15987db40_0, 0, 1;
    %load/vec4 v0x15987d530_0;
    %parti/s 2, 8, 5;
    %store/vec4 v0x15987d7c0_0, 0, 2;
    %load/vec4 v0x15987d530_0;
    %parti/s 8, 0, 2;
    %store/vec4 v0x15987d370_0, 0, 8;
    %pushi/vec4 1, 0, 2;
    %store/vec4 v0x15987d420_0, 0, 2;
    %pushi/vec4 0, 0, 3;
    %store/vec4 v0x15987d5e0_0, 0, 3;
    %pushi/vec4 1, 0, 1;
    %store/vec4 v0x15987cff0_0, 0, 1;
    %vpi_call/w 7 368 "$display", "LM rw=[ra + (s)im]" {0 0 0};
    %vpi_call/w 7 369 "$display", "LM wr:%h ra:%h, liop:%h, IM:%h ADD", v0x15987d9a0_0, v0x15987d7c0_0, v0x15987d420_0, v0x15987d370_0 {0 0 0};
    %jmp T_8.45;
T_8.44 ;
    %pushi/vec4 1, 0, 1;
    %store/vec4 v0x15987d080_0, 0, 1;
    %load/vec4 v0x15987d530_0;
    %parti/s 2, 10, 5;
    %store/vec4 v0x15987d7c0_0, 0, 2;
    %load/vec4 v0x15987d530_0;
    %parti/s 2, 8, 5;
    %store/vec4 v0x15987d850_0, 0, 2;
    %load/vec4 v0x15987d530_0;
    %parti/s 8, 0, 2;
    %store/vec4 v0x15987d370_0, 0, 8;
    %pushi/vec4 1, 0, 2;
    %store/vec4 v0x15987d420_0, 0, 2;
    %pushi/vec4 0, 0, 3;
    %store/vec4 v0x15987d5e0_0, 0, 3;
    %vpi_call/w 7 383 "$display", "SM [ra + (s)im]=rb" {0 0 0};
    %vpi_call/w 7 384 "$display", "SM ra:%h rb:%h liop:%h IM:%h ADD", v0x15987d850_0, v0x15987d420_0, v0x15987d370_0 {0 0 0};
    %jmp T_8.45;
T_8.45 ;
    %pop/vec4 1;
    %jmp T_8.8;
T_8.6 ;
    %jmp T_8.8;
T_8.7 ;
    %load/vec4 v0x15987d530_0;
    %parti/s 1, 12, 5;
    %dup/vec4;
    %pushi/vec4 1, 0, 1;
    %cmp/u;
    %jmp/1 T_8.46, 6;
    %jmp T_8.47;
T_8.46 ;
    %pushi/vec4 1, 0, 2;
    %store/vec4 v0x15987d420_0, 0, 2;
    %load/vec4 v0x15987d530_0;
    %parti/s 2, 10, 5;
    %store/vec4 v0x15987d7c0_0, 0, 2;
    %load/vec4 v0x15987d530_0;
    %parti/s 8, 0, 2;
    %store/vec4 v0x15987d370_0, 0, 8;
    %pushi/vec4 1, 0, 3;
    %store/vec4 v0x15987d5e0_0, 0, 3;
    %jmp T_8.47;
T_8.47 ;
    %pop/vec4 1;
    %jmp T_8.8;
T_8.8 ;
    %pop/vec4 1;
    %jmp T_8;
    .thread T_8, $push;
    .scope S_0x15987dda0;
T_9 ;
    %wait E_0x15987e010;
    %load/vec4 v0x15987e570_0;
    %flag_set/vec4 8;
    %jmp/0xz  T_9.0, 8;
    %load/vec4 v0x15987e4c0_0;
    %load/vec4 v0x15987e200_0;
    %pad/u 10;
    %ix/vec4 3;
    %ix/load 4, 0, 0; Constant delay
    %assign/vec4/a/d v0x15987e380, 0, 4;
T_9.0 ;
    %jmp T_9;
    .thread T_9;
    .scope S_0x15987e6d0;
T_10 ;
Ewait_2 .event/or E_0x15987df60, E_0x0;
    %wait Ewait_2;
    %load/vec4 v0x15987eb90_0;
    %flag_set/vec4 8;
    %jmp/0xz  T_10.0, 8;
    %load/vec4 v0x15987ea30_0;
    %store/vec4 v0x15987eae0_0, 0, 16;
    %jmp T_10.1;
T_10.0 ;
    %load/vec4 v0x15987e960_0;
    %store/vec4 v0x15987eae0_0, 0, 16;
T_10.1 ;
    %jmp T_10;
    .thread T_10, $push;
    .scope S_0x159851b50;
T_11 ;
    %delay 500, 0;
    %load/vec4 v0x159882580_0;
    %inv;
    %store/vec4 v0x159882580_0, 0, 1;
    %jmp T_11;
    .thread T_11;
    .scope S_0x159851b50;
T_12 ;
    %vpi_call/w 3 9 "$dumpfile", "pu.vcd" {0 0 0};
    %vpi_call/w 3 10 "$dumpvars", 32'sb00000000000000000000000000000000, S_0x159851b50 {0 0 0};
    %pushi/vec4 1, 0, 1;
    %store/vec4 v0x159882610_0, 0, 1;
    %pushi/vec4 0, 0, 1;
    %store/vec4 v0x159882580_0, 0, 1;
    %delay 2000, 0;
    %pushi/vec4 0, 0, 1;
    %store/vec4 v0x159882610_0, 0, 1;
    %delay 300000, 0;
    %vpi_call/w 3 16 "$finish" {0 0 0};
    %end;
    .thread T_12;
# The file index is used to find the file name in the following table.
:file_names 13;
    "N/A";
    "<interactive>";
    "-";
    "test.v";
    "pu.v";
    "alu.v";
    "sel.v";
    "dec.v";
    "dmem.v";
    "imem.v";
    "lidx.v";
    "pc.v";
    "rega.v";
