#! /opt/homebrew/Cellar/icarus-verilog/11.0/bin/vvp
:ivl_version "11.0 (stable)";
:ivl_delay_selection "TYPICAL";
:vpi_time_precision - 11;
:vpi_module "/opt/homebrew/Cellar/icarus-verilog/11.0/lib/ivl/system.vpi";
:vpi_module "/opt/homebrew/Cellar/icarus-verilog/11.0/lib/ivl/vhdl_sys.vpi";
:vpi_module "/opt/homebrew/Cellar/icarus-verilog/11.0/lib/ivl/vhdl_textio.vpi";
:vpi_module "/opt/homebrew/Cellar/icarus-verilog/11.0/lib/ivl/v2005_math.vpi";
:vpi_module "/opt/homebrew/Cellar/icarus-verilog/11.0/lib/ivl/va_math.vpi";
:vpi_module "/opt/homebrew/Cellar/icarus-verilog/11.0/lib/ivl/v2009.vpi";
S_0x131e14770 .scope package, "$unit" "$unit" 2 1;
 .timescale 0 0;
S_0x131e0b9d0 .scope module, "fifotest" "fifotest" 3 2;
 .timescale -9 -11;
v0x131e248b0_0 .var "clk", 0 0;
v0x131e24970_0 .net "empty", 0 0, v0x131e24070_0;  1 drivers
v0x131e24a00_0 .net "full", 0 0, v0x131e24110_0;  1 drivers
v0x131e24ab0_0 .var "in", 7 0;
v0x131e24b60_0 .net "out", 7 0, v0x131e24490_0;  1 drivers
v0x131e24c30_0 .var "re", 0 0;
v0x131e24ce0_0 .var "rst", 0 0;
v0x131e24d90_0 .var "we", 0 0;
S_0x131e0bb40 .scope module, "fifo" "fifo" 3 10, 4 2 0, S_0x131e0b9d0;
 .timescale 0 0;
    .port_info 0 /INPUT 8 "in";
    .port_info 1 /INPUT 1 "we";
    .port_info 2 /OUTPUT 1 "full";
    .port_info 3 /OUTPUT 8 "out";
    .port_info 4 /INPUT 1 "re";
    .port_info 5 /OUTPUT 1 "empty";
    .port_info 6 /INPUT 1 "clk";
    .port_info 7 /INPUT 1 "rst";
v0x131e07e20_0 .net "clk", 0 0, v0x131e248b0_0;  1 drivers
v0x131e24070_0 .var "empty", 0 0;
v0x131e24110_0 .var "full", 0 0;
v0x131e241a0_0 .var "head", 2 0;
v0x131e24250_0 .var "headi", 2 0;
v0x131e24340_0 .net "in", 7 0, v0x131e24ab0_0;  1 drivers
v0x131e243f0 .array "mem", 0 7, 7 0;
v0x131e24490_0 .var "out", 7 0;
v0x131e24540_0 .net "re", 0 0, v0x131e24c30_0;  1 drivers
v0x131e24650_0 .net "rst", 0 0, v0x131e24ce0_0;  1 drivers
v0x131e246e0_0 .var "tail", 2 0;
v0x131e24790_0 .net "we", 0 0, v0x131e24d90_0;  1 drivers
E_0x131e0c460 .event edge, v0x131e241a0_0, v0x131e246e0_0;
E_0x131e0ce60 .event negedge, v0x131e07e20_0;
    .scope S_0x131e0bb40;
T_0 ;
    %pushi/vec4 0, 0, 3;
    %store/vec4 v0x131e241a0_0, 0, 3;
    %pushi/vec4 0, 0, 3;
    %store/vec4 v0x131e246e0_0, 0, 3;
    %end;
    .thread T_0, $init;
    .scope S_0x131e0bb40;
T_1 ;
    %wait E_0x131e0ce60;
    %load/vec4 v0x131e24790_0;
    %load/vec4 v0x131e24110_0;
    %inv;
    %and;
    %flag_set/vec4 8;
    %jmp/0xz  T_1.0, 8;
    %load/vec4 v0x131e241a0_0;
    %addi 1, 0, 3;
    %assign/vec4 v0x131e241a0_0, 0;
    %load/vec4 v0x131e24340_0;
    %load/vec4 v0x131e241a0_0;
    %pad/u 5;
    %ix/vec4 3;
    %ix/load 4, 0, 0; Constant delay
    %assign/vec4/a/d v0x131e243f0, 0, 4;
T_1.0 ;
    %load/vec4 v0x131e24540_0;
    %load/vec4 v0x131e24070_0;
    %inv;
    %and;
    %flag_set/vec4 8;
    %jmp/0xz  T_1.2, 8;
    %load/vec4 v0x131e246e0_0;
    %addi 1, 0, 3;
    %assign/vec4 v0x131e246e0_0, 0;
    %load/vec4 v0x131e246e0_0;
    %pad/u 5;
    %ix/vec4 4;
    %load/vec4a v0x131e243f0, 4;
    %assign/vec4 v0x131e24490_0, 0;
    %jmp T_1.3;
T_1.2 ;
    %pushi/vec4 0, 0, 8;
    %assign/vec4 v0x131e24490_0, 0;
T_1.3 ;
    %jmp T_1;
    .thread T_1;
    .scope S_0x131e0bb40;
T_2 ;
Ewait_0 .event/or E_0x131e0c460, E_0x0;
    %wait Ewait_0;
    %load/vec4 v0x131e241a0_0;
    %addi 1, 0, 3;
    %store/vec4 v0x131e24250_0, 0, 3;
    %load/vec4 v0x131e241a0_0;
    %load/vec4 v0x131e246e0_0;
    %cmp/e;
    %jmp/0xz  T_2.0, 4;
    %pushi/vec4 1, 0, 1;
    %store/vec4 v0x131e24070_0, 0, 1;
    %jmp T_2.1;
T_2.0 ;
    %pushi/vec4 0, 0, 1;
    %store/vec4 v0x131e24070_0, 0, 1;
T_2.1 ;
    %load/vec4 v0x131e24250_0;
    %load/vec4 v0x131e246e0_0;
    %cmp/e;
    %jmp/0xz  T_2.2, 4;
    %pushi/vec4 1, 0, 1;
    %store/vec4 v0x131e24110_0, 0, 1;
    %jmp T_2.3;
T_2.2 ;
    %pushi/vec4 0, 0, 1;
    %store/vec4 v0x131e24110_0, 0, 1;
T_2.3 ;
    %jmp T_2;
    .thread T_2, $push;
    .scope S_0x131e0b9d0;
T_3 ;
    %delay 500, 0;
    %load/vec4 v0x131e248b0_0;
    %inv;
    %store/vec4 v0x131e248b0_0, 0, 1;
    %jmp T_3;
    .thread T_3;
    .scope S_0x131e0b9d0;
T_4 ;
    %vpi_call/w 3 13 "$dumpfile", "fifo.vcd" {0 0 0};
    %vpi_call/w 3 14 "$dumpvars", 32'sb00000000000000000000000000000000, S_0x131e0b9d0 {0 0 0};
    %pushi/vec4 1, 0, 1;
    %store/vec4 v0x131e24ce0_0, 0, 1;
    %pushi/vec4 0, 0, 1;
    %store/vec4 v0x131e248b0_0, 0, 1;
    %pushi/vec4 0, 0, 1;
    %store/vec4 v0x131e24d90_0, 0, 1;
    %pushi/vec4 0, 0, 1;
    %store/vec4 v0x131e24c30_0, 0, 1;
    %pushi/vec4 5, 0, 8;
    %store/vec4 v0x131e24ab0_0, 0, 8;
    %delay 3000, 0;
    %pushi/vec4 0, 0, 1;
    %store/vec4 v0x131e24ce0_0, 0, 1;
    %pushi/vec4 1, 0, 1;
    %store/vec4 v0x131e24d90_0, 0, 1;
    %delay 1000, 0;
    %pushi/vec4 6, 0, 8;
    %store/vec4 v0x131e24ab0_0, 0, 8;
    %delay 1000, 0;
    %pushi/vec4 7, 0, 8;
    %store/vec4 v0x131e24ab0_0, 0, 8;
    %delay 1000, 0;
    %pushi/vec4 0, 0, 1;
    %store/vec4 v0x131e24d90_0, 0, 1;
    %delay 1000, 0;
    %pushi/vec4 1, 0, 1;
    %store/vec4 v0x131e24c30_0, 0, 1;
    %delay 1000, 0;
    %pushi/vec4 0, 0, 1;
    %store/vec4 v0x131e24c30_0, 0, 1;
    %pushi/vec4 1, 0, 1;
    %store/vec4 v0x131e24d90_0, 0, 1;
    %pushi/vec4 8, 0, 8;
    %store/vec4 v0x131e24ab0_0, 0, 8;
    %delay 1000, 0;
    %pushi/vec4 9, 0, 8;
    %store/vec4 v0x131e24ab0_0, 0, 8;
    %delay 1000, 0;
    %pushi/vec4 10, 0, 8;
    %store/vec4 v0x131e24ab0_0, 0, 8;
    %delay 1000, 0;
    %pushi/vec4 11, 0, 8;
    %store/vec4 v0x131e24ab0_0, 0, 8;
    %delay 1000, 0;
    %pushi/vec4 12, 0, 8;
    %store/vec4 v0x131e24ab0_0, 0, 8;
    %delay 1000, 0;
    %pushi/vec4 13, 0, 8;
    %store/vec4 v0x131e24ab0_0, 0, 8;
    %delay 1000, 0;
    %pushi/vec4 14, 0, 8;
    %store/vec4 v0x131e24ab0_0, 0, 8;
    %delay 1000, 0;
    %pushi/vec4 15, 0, 8;
    %store/vec4 v0x131e24ab0_0, 0, 8;
    %pushi/vec4 1, 0, 1;
    %store/vec4 v0x131e24c30_0, 0, 1;
    %delay 1000, 0;
    %pushi/vec4 16, 0, 8;
    %store/vec4 v0x131e24ab0_0, 0, 8;
    %delay 5000, 0;
    %vpi_call/w 3 53 "$finish" {0 0 0};
    %end;
    .thread T_4;
# The file index is used to find the file name in the following table.
:file_names 5;
    "N/A";
    "<interactive>";
    "-";
    "fifotest.sv";
    "fifo.sv";
